This is LuaHBTeX, Version 1.21.0 (TeX Live 2025/nixos.org)  (format=lualatex 1980.1.1)  26 FEB 2026 22:43
 restricted system commands enabled.
**notebook.tex
(./notebook.tex
LaTeX2e <2025-06-01> patch level 1
L3 programming layer <2025-06-09>
Lua module: luaotfload 2024-12-03 v3.29 Lua based OpenType font support
Lua module: lualibs 2023-07-13 v2.76 ConTeXt Lua standard libraries.
Lua module: lualibs-extended 2023-07-13 v2.76 ConTeXt Lua libraries -- extended 
collection.
luaotfload | conf : Root cache directory is "/Users/iago.rocha/.texlive2025/texm
f-var/luatex-cache/generic/names".
luaotfload | init : Loading fontloader "fontloader-2023-12-28.lua" from kpse-res
olved path "/nix/store/sri66ckjh7k70416m76rl2madmz43771-texlive-2025-env-texmfdi
st/tex/luatex/luaotfload/fontloader-2023-12-28.lua".
Lua-only attribute luaotfload@noligature = 1
luaotfload | init : Context OpenType loader version 3.134
Inserting `luaotfload.node_processor' in `pre_linebreak_filter'.
Inserting `luaotfload.node_processor' in `hpack_filter'.
Inserting `luaotfload.glyph_stream' in `glyph_stream_provider'.
Inserting `luaotfload.define_font' in `define_font'.
Lua-only attribute luaotfload_color_attribute = 2
luaotfload | conf : Root cache directory is "/Users/iago.rocha/.texlive2025/texm
f-var/luatex-cache/generic/names".
Inserting `luaotfload.harf.strip_prefix' in `find_opentype_file'.
Inserting `luaotfload.harf.strip_prefix' in `find_truetype_file'.
Removing  `luaotfload.glyph_stream' from `glyph_stream_provider'.
Inserting `luaotfload.harf.glyphstream' in `glyph_stream_provider'.
Inserting `luaotfload.harf.finalize_vlist' in `post_linebreak_filter'.
Inserting `luaotfload.harf.finalize_hlist' in `hpack_filter'.
Inserting `luaotfload.cleanup_files' in `wrapup_run'.
Inserting `luaotfload.harf.finalize_unicode' in `finish_pdffile'.
Inserting `luaotfload.glyphinfo' in `glyph_info'.
Lua-only attribute luaotfload.letterspace_done = 3
Inserting `luaotfload.aux.set_sscale_dimens' in `luaotfload.patch_font'.
Inserting `luaotfload.aux.set_font_index' in `luaotfload.patch_font'.
Inserting `luaotfload.aux.patch_cambria_domh' in `luaotfload.patch_font'.
Inserting `luaotfload.aux.fixup_fontdata' in `luaotfload.patch_font_unsafe'.
Inserting `luaotfload.aux.set_capheight' in `luaotfload.patch_font'.
Inserting `luaotfload.aux.set_xheight' in `luaotfload.patch_font'.
Inserting `luaotfload.rewrite_fontname' in `luaotfload.patch_font'.
Inserting `tracingstacklevels' in `input_level_string'.
(/nix/store/sri66ckjh7k70416m76rl2madmz43771-texlive-2025-env-texmfdist/tex/lat
ex/extsizes/extarticle.cls
Document Class: extarticle 1996/10/08 v1.0 Non Standard LaTeX document class

(/nix/store/sri66ckjh7k70416m76rl2madmz43771-texlive-2025-env-texmfdist/tex/lat
ex/base/size10.clo
File: size10.clo 2025/01/22 v1.4n Standard LaTeX file (size option)
luaotfload | db : Font names database loaded from /Users/iago.rocha/.texlive2025
/texmf-var/luatex-cache/generic/names/luaotfload-names.luc.gz)
(/nix/store/sri66ckjh7k70416m76rl2madmz43771-texlive-2025-env-texmfdist/tex/lat
ex/base/exscale.sty
Package: exscale 2018/09/24 v2.1i Standard LaTeX package exscale
LaTeX Font Info:    Redeclaring symbol font `largesymbols' on input line 57.
LaTeX Font Info:    Overwriting symbol font `largesymbols' in version `normal'
(Font)                  OMX/cmex/m/n --> OMX/cmex/m/n on input line 57.
LaTeX Font Info:    Overwriting symbol font `largesymbols' in version `bold'
(Font)                  OMX/cmex/m/n --> OMX/cmex/m/n on input line 57.
\big@size=\dimen147
)
\c@part=\count273
\c@section=\count274
\c@subsection=\count275
\c@subsubsection=\count276
\c@paragraph=\count277
\c@subparagraph=\count278
\c@figure=\count279
\c@table=\count280
\abovecaptionskip=\skip49
\belowcaptionskip=\skip50
\bibindent=\dimen148
)
(/nix/store/sri66ckjh7k70416m76rl2madmz43771-texlive-2025-env-texmfdist/tex/lat
ex/base/inputenc.sty
Package: inputenc 2024/02/08 v1.3d Input encoding file
\inpenc@prehook=\toks17
\inpenc@posthook=\toks18


Package inputenc Warning: inputenc package ignored with utf8 based engines.

)
(/nix/store/sri66ckjh7k70416m76rl2madmz43771-texlive-2025-env-texmfdist/tex/gen
eric/babel/babel.sty
Package: babel 2025/06/10 v25.10 The multilingual framework for pdfLaTeX, LuaLa
TeX and XeLaTeX

(/nix/store/sri66ckjh7k70416m76rl2madmz43771-texlive-2025-env-texmfdist/tex/gen
eric/babel/luababel.def
\bbl@readstream=\read2
\l@dumylang=\language2
Package babel Info: Non-standard hyphenation setup on input line 118.
\l@nohyphenation=\language3
\l@german-x-2024-02-28=\language4
\l@ngerman-x-2024-02-28=\language5
\l@afrikaans=\language6
\l@albanian=\language7
\l@ancientgreek=\language8
\l@ibycus=\language9
\l@arabic=\language10
\l@armenian=\language11
\l@basque=\language12
\l@belarusian=\language13
\l@bulgarian=\language14
\l@catalan=\language15
\l@pinyin=\language16
\l@churchslavonic=\language17
\l@coptic=\language18
\l@croatian=\language19
\l@czech=\language20
\l@danish=\language21
\l@dutch=\language22
\l@ukenglish=\language23
\l@usenglishmax=\language24
\l@esperanto=\language25
\l@estonian=\language26
\l@ethiopic=\language27
\l@farsi=\language28
\l@finnish=\language29
\l@schoolfinnish=\language30
\l@french=\language31
\l@friulan=\language32
\l@galician=\language33
\l@georgian=\language34
\l@german=\language35
\l@ngerman=\language36
\l@swissgerman=\language37
\l@greek=\language38
\l@monogreek=\language39
\l@hebrew=\language40
\l@hungarian=\language41
\l@icelandic=\language42
\l@assamese=\language43
\l@bengali=\language44
\l@gujarati=\language45
\l@hindi=\language46
\l@kannada=\language47
\l@malayalam=\language48
\l@marathi=\language49
\l@oriya=\language50
\l@pali=\language51
\l@panjabi=\language52
\l@tamil=\language53
\l@telugu=\language54
\l@indonesian=\language55
\l@interlingua=\language56
\l@irish=\language57
\l@italian=\language58
\l@kurmanji=\language59
\l@classiclatin=\language60
\l@latin=\language61
\l@liturgicallatin=\language62
\l@latvian=\language63
\l@lithuanian=\language64
\l@macedonian=\language65
\l@mongolian=\language66
\l@mongolianlmc=\language67
\l@bokmal=\language68
\l@nynorsk=\language69
\l@occitan=\language70
\l@piedmontese=\language71
\l@polish=\language72
\l@portuguese=\language73
\l@romanian=\language74
\l@romansh=\language75
\l@russian=\language76
\l@sanskrit=\language77
\l@serbian=\language78
\l@serbianc=\language79
\l@slovak=\language80
\l@slovenian=\language81
\l@spanish=\language82
\l@swedish=\language83
\l@thai=\language84
\l@turkish=\language85
\l@turkmen=\language86
\l@ukrainian=\language87
\l@uppersorbian=\language88
\l@vietnamese=\language89
\l@welsh=\language90
\babelcatcodetablenum=\catcodetable14
\bbl@pattcodes=\catcodetable15
)
\babel@savecnt=\count281
LaTeX Encoding Info:    Redeclaring text command \ij (encoding OT1) on input li
ne 2043.
LaTeX Encoding Info:    Redeclaring text command \IJ (encoding OT1) on input li
ne 2045.
LaTeX Encoding Info:    Redeclaring text command \ij (encoding T1) on input lin
e 2047.
LaTeX Encoding Info:    Redeclaring text command \IJ (encoding T1) on input lin
e 2048.
LaTeX Encoding Info:    Ignoring declaration for text command \ij (encoding ?) 
on input line 2049.
LaTeX Encoding Info:    Ignoring declaration for text command \IJ (encoding ?) 
on input line 2051.
LaTeX Encoding Info:    Ignoring declaration for text command \SS (encoding ?) 
on input line 2076.
\U@D=\dimen149
\l@unhyphenated=\language91

(/nix/store/sri66ckjh7k70416m76rl2madmz43771-texlive-2025-env-texmfdist/tex/gen
eric/babel/luababel.def
\bbl@attr@locale=\attribute4
)
(/nix/store/sri66ckjh7k70416m76rl2madmz43771-texlive-2025-env-texmfdist/tex/gen
eric/babel-english/english.ldf
Language: english 2017/06/06 v3.3r English support from the babel system

(/nix/store/sri66ckjh7k70416m76rl2madmz43771-texlive-2025-env-texmfdist/tex/gen
eric/babel/locale/en/babel-english.tex
Package babel Info: Importing font and identification data for english
(babel)             from babel-en.ini. Reported on input line 11.
)
Package babel Info: Hyphen rules for 'canadian' set to \l@english
(babel)             (\language0). Reported on input line 102.
Package babel Info: Hyphen rules for 'australian' set to \l@ukenglish
(babel)             (\language23). Reported on input line 105.
Package babel Info: Hyphen rules for 'newzealand' set to \l@ukenglish
(babel)             (\language23). Reported on input line 108.
))
(/nix/store/sri66ckjh7k70416m76rl2madmz43771-texlive-2025-env-texmfdist/tex/lat
ex/base/fontenc.sty
Package: fontenc 2024/12/21 v2.1c Standard LaTeX package
LaTeX Font Info:    Trying to load font information for T1+lmr on input line 11
6.

(/nix/store/sri66ckjh7k70416m76rl2madmz43771-texlive-2025-env-texmfdist/tex/lat
ex/lm/t1lmr.fd
File: t1lmr.fd 2015/05/01 v1.6.1 Font defs for Latin Modern
))
(/nix/store/sri66ckjh7k70416m76rl2madmz43771-texlive-2025-env-texmfdist/tex/lat
ex/xcolor/xcolor.sty
Package: xcolor 2024/09/29 v3.02 LaTeX color extensions (UK)

(/nix/store/sri66ckjh7k70416m76rl2madmz43771-texlive-2025-env-texmfdist/tex/lat
ex/graphics-cfg/color.cfg
File: color.cfg 2016/01/02 v1.6 sample color configuration
)
Package xcolor Info: Driver file: luatex.def on input line 274.

(/nix/store/sri66ckjh7k70416m76rl2madmz43771-texlive-2025-env-texmfdist/tex/lat
ex/graphics-def/luatex.def
File: luatex.def 2024/04/13 v1.2e Graphics/color driver for luatex
)
(/nix/store/sri66ckjh7k70416m76rl2madmz43771-texlive-2025-env-texmfdist/tex/lat
ex/graphics/mathcolor.ltx)
Package xcolor Info: Model `cmy' substituted by `cmy0' on input line 1349.
Package xcolor Info: Model `hsb' substituted by `rgb' on input line 1353.
Package xcolor Info: Model `RGB' extended on input line 1365.
Package xcolor Info: Model `HTML' substituted by `rgb' on input line 1367.
Package xcolor Info: Model `Hsb' substituted by `hsb' on input line 1368.
Package xcolor Info: Model `tHsb' substituted by `hsb' on input line 1369.
Package xcolor Info: Model `HSB' substituted by `hsb' on input line 1370.
Package xcolor Info: Model `Gray' substituted by `gray' on input line 1371.
Package xcolor Info: Model `wave' substituted by `hsb' on input line 1372.
)
(/nix/store/sri66ckjh7k70416m76rl2madmz43771-texlive-2025-env-texmfdist/tex/lat
ex/graphics/dvipsnam.def
File: dvipsnam.def 2016/06/17 v3.0m Driver-dependent file (DPC,SPQR)
)
(/nix/store/sri66ckjh7k70416m76rl2madmz43771-texlive-2025-env-texmfdist/tex/lat
ex/tools/multicol.sty
Package: multicol 2025/05/25 v2.0a multicolumn formatting (FMi)
\c@tracingmulticols=\count282
\mult@box=\box53
\multicol@leftmargin=\dimen150
\c@unbalance=\count283
\c@collectmore=\count284
\doublecol@number=\count285
\multicoltolerance=\count286
\multicolpretolerance=\count287
\full@width=\dimen151
\page@free=\dimen152
\premulticols=\dimen153
\postmulticols=\dimen154
\multicolsep=\skip51
\multicolbaselineskip=\skip52
\partial@page=\box54
\last@line=\box55
\mc@boxedresult=\box56
\maxbalancingoverflow=\dimen155
\mult@rightbox=\box57
\mult@grightbox=\box58
\mult@firstbox=\box59
\mult@gfirstbox=\box60
\@tempa=\box61
\@tempa=\box62
\@tempa=\box63
\@tempa=\box64
\@tempa=\box65
\@tempa=\box66
\@tempa=\box67
\@tempa=\box68
\@tempa=\box69
\@tempa=\box70
\@tempa=\box71
\@tempa=\box72
\@tempa=\box73
\@tempa=\box74
\@tempa=\box75
\@tempa=\box76
\@tempa=\box77
\@tempa=\box78
\@tempa=\box79
\@tempa=\box80
\@tempa=\box81
\@tempa=\box82
\@tempa=\box83
\@tempa=\box84
\@tempa=\box85
\@tempa=\box86
\@tempa=\box87
\@tempa=\box88
\@tempa=\box89
\@tempa=\box90
\@tempa=\box91
\@tempa=\box92
\@tempa=\box93
\@tempa=\box94
\@tempa=\box95
\@tempa=\box96
\c@minrows=\count288
\c@columnbadness=\count289
\c@finalcolumnbadness=\count290
\last@try=\dimen156
\multicolovershoot=\dimen157
\multicolundershoot=\dimen158
\mult@nat@firstbox=\box97
\colbreak@box=\box98
\mc@col@check@num=\count291
\g__mc_curr_col_int=\count292
)
(/nix/store/sri66ckjh7k70416m76rl2madmz43771-texlive-2025-env-texmfdist/tex/lat
ex/amsfonts/amssymb.sty
Package: amssymb 2013/01/14 v3.01 AMS font symbols

(/nix/store/sri66ckjh7k70416m76rl2madmz43771-texlive-2025-env-texmfdist/tex/lat
ex/amsfonts/amsfonts.sty
Package: amsfonts 2013/01/14 v3.01 Basic AMSFonts support
\@emptytoks=\toks19
\symAMSa=\mathgroup4
\symAMSb=\mathgroup5
LaTeX Font Info:    Redeclaring math symbol \hbar on input line 98.
LaTeX Font Info:    Overwriting math alphabet `\mathfrak' in version `bold'
(Font)                  U/euf/m/n --> U/euf/b/n on input line 106.
))
(/nix/store/sri66ckjh7k70416m76rl2madmz43771-texlive-2025-env-texmfdist/tex/lat
ex/fontspec/fontspec.sty
(/nix/store/sri66ckjh7k70416m76rl2madmz43771-texlive-2025-env-texmfdist/tex/lat
ex/l3packages/xparse/xparse.sty
(/nix/store/sri66ckjh7k70416m76rl2madmz43771-texlive-2025-env-texmfdist/tex/lat
ex/l3kernel/expl3.sty
Package: expl3 2025-06-09 L3 programming layer (loader) 

(/nix/store/sri66ckjh7k70416m76rl2madmz43771-texlive-2025-env-texmfdist/tex/lat
ex/l3backend/l3backend-luatex.def
File: l3backend-luatex.def 2025-06-09 L3 backend support: PDF output (LuaTeX)
\l__color_backend_stack_int=\count293
Inserting `l3color' in `luaotfload.parse_color'.))
Package: xparse 2024-08-16 L3 Experimental document command parser
)
Package: fontspec 2024/05/11 v2.9e Font selection for XeLaTeX and LuaLaTeX
Lua module: fontspec 2024/05/11 v2.9e Font selection for XeLaTeX and LuaLaTeX
(/nix/store/sri66ckjh7k70416m76rl2madmz43771-texlive-2025-env-texmfdist/tex/lat
ex/fontspec/fontspec-luatex.sty
Package: fontspec-luatex 2024/05/11 v2.9e Font selection for XeLaTeX and LuaLaT
eX
\l__fontspec_script_int=\count294
\l__fontspec_language_int=\count295
\l__fontspec_strnum_int=\count296
\l__fontspec_tmp_int=\count297
\l__fontspec_tmpa_int=\count298
\l__fontspec_tmpb_int=\count299
\l__fontspec_tmpc_int=\count300
\l__fontspec_em_int=\count301
\l__fontspec_emdef_int=\count302
\l__fontspec_strong_int=\count303
\l__fontspec_strongdef_int=\count304
\l__fontspec_tmpa_dim=\dimen159
\l__fontspec_tmpb_dim=\dimen160
\l__fontspec_tmpc_dim=\dimen161

(/nix/store/sri66ckjh7k70416m76rl2madmz43771-texlive-2025-env-texmfdist/tex/lat
ex/base/fontenc.sty
Package: fontenc 2024/12/21 v2.1c Standard LaTeX package
)
(/nix/store/sri66ckjh7k70416m76rl2madmz43771-texlive-2025-env-texmfdist/tex/lat
ex/fontspec/fontspec.cfg)))
(/nix/store/sri66ckjh7k70416m76rl2madmz43771-texlive-2025-env-texmfdist/tex/lat
ex/listings/listings.sty
(/nix/store/sri66ckjh7k70416m76rl2madmz43771-texlive-2025-env-texmfdist/tex/lat
ex/graphics/keyval.sty
Package: keyval 2022/05/29 v1.15 key=value parser (DPC)
\KV@toks@=\toks20
)
\lst@mode=\count305
\lst@gtempboxa=\box99
\lst@token=\toks21
\lst@length=\count306
\lst@currlwidth=\dimen162
\lst@column=\count307
\lst@pos=\count308
\lst@lostspace=\dimen163
\lst@width=\dimen164
\lst@newlines=\count309
\lst@lineno=\count310
\lst@maxwidth=\dimen165

(/nix/store/sri66ckjh7k70416m76rl2madmz43771-texlive-2025-env-texmfdist/tex/lat
ex/listings/lstpatch.sty
File: lstpatch.sty 2024/09/23 1.10c (Carsten Heinz)
)
(/nix/store/sri66ckjh7k70416m76rl2madmz43771-texlive-2025-env-texmfdist/tex/lat
ex/listings/lstmisc.sty
File: lstmisc.sty 2024/09/23 1.10c (Carsten Heinz)
\c@lstnumber=\count311
\lst@skipnumbers=\count312
\lst@framebox=\box100
)
(/nix/store/sri66ckjh7k70416m76rl2madmz43771-texlive-2025-env-texmfdist/tex/lat
ex/listings/listings.cfg
File: listings.cfg 2024/09/23 1.10c listings configuration
))
Package: listings 2024/09/23 1.10c (Carsten Heinz)

(/nix/store/sri66ckjh7k70416m76rl2madmz43771-texlive-2025-env-texmfdist/tex/lat
ex/graphics/graphicx.sty
Package: graphicx 2024/12/31 v1.2e Enhanced LaTeX Graphics (DPC,SPQR)

(/nix/store/sri66ckjh7k70416m76rl2madmz43771-texlive-2025-env-texmfdist/tex/lat
ex/graphics/graphics.sty
Package: graphics 2024/08/06 v1.4g Standard LaTeX Graphics (DPC,SPQR)

(/nix/store/sri66ckjh7k70416m76rl2madmz43771-texlive-2025-env-texmfdist/tex/lat
ex/graphics/trig.sty
Package: trig 2023/12/02 v1.11 sin cos tan (DPC)
)
(/nix/store/sri66ckjh7k70416m76rl2madmz43771-texlive-2025-env-texmfdist/tex/lat
ex/graphics-cfg/graphics.cfg
File: graphics.cfg 2016/06/04 v1.11 sample graphics configuration
)
Package graphics Info: Driver file: luatex.def on input line 106.
)
\Gin@req@height=\dimen166
\Gin@req@width=\dimen167
)
(/nix/store/sri66ckjh7k70416m76rl2madmz43771-texlive-2025-env-texmfdist/tex/lat
ex/hyperref/hyperref.sty
Package: hyperref 2025-06-21 v7.01n Hypertext links for LaTeX

(/nix/store/sri66ckjh7k70416m76rl2madmz43771-texlive-2025-env-texmfdist/tex/gen
eric/iftex/iftex.sty
Package: iftex 2024/12/12 v1.0g TeX engine tests
)
(/nix/store/sri66ckjh7k70416m76rl2madmz43771-texlive-2025-env-texmfdist/tex/lat
ex/kvsetkeys/kvsetkeys.sty
Package: kvsetkeys 2022-10-05 v1.19 Key value parser (HO)
)
(/nix/store/sri66ckjh7k70416m76rl2madmz43771-texlive-2025-env-texmfdist/tex/gen
eric/kvdefinekeys/kvdefinekeys.sty
Package: kvdefinekeys 2019-12-19 v1.6 Define keys (HO)
)
(/nix/store/sri66ckjh7k70416m76rl2madmz43771-texlive-2025-env-texmfdist/tex/gen
eric/pdfescape/pdfescape.sty
Package: pdfescape 2019/12/09 v1.15 Implements pdfTeX's escape features (HO)

(/nix/store/sri66ckjh7k70416m76rl2madmz43771-texlive-2025-env-texmfdist/tex/gen
eric/ltxcmds/ltxcmds.sty
Package: ltxcmds 2023-12-04 v1.26 LaTeX kernel commands for general use (HO)
)
(/nix/store/sri66ckjh7k70416m76rl2madmz43771-texlive-2025-env-texmfdist/tex/gen
eric/pdftexcmds/pdftexcmds.sty
Package: pdftexcmds 2020-06-27 v0.33 Utility functions of pdfTeX for LuaTeX (HO
)

(/nix/store/sri66ckjh7k70416m76rl2madmz43771-texlive-2025-env-texmfdist/tex/gen
eric/infwarerr/infwarerr.sty
Package: infwarerr 2019/12/03 v1.5 Providing info/warning/error messages (HO)
)
Package pdftexcmds Info: \pdf@primitive is available.
Package pdftexcmds Info: \pdf@ifprimitive is available.
Package pdftexcmds Info: \pdfdraftmode found.
\pdftexcmds@toks=\toks22
))
(/nix/store/sri66ckjh7k70416m76rl2madmz43771-texlive-2025-env-texmfdist/tex/lat
ex/hycolor/hycolor.sty
Package: hycolor 2020-01-27 v1.10 Color options for hyperref/bookmark (HO)
)
(/nix/store/sri66ckjh7k70416m76rl2madmz43771-texlive-2025-env-texmfdist/tex/lat
ex/hyperref/nameref.sty
Package: nameref 2025-06-21 v2.57 Cross-referencing by name of section

(/nix/store/sri66ckjh7k70416m76rl2madmz43771-texlive-2025-env-texmfdist/tex/lat
ex/refcount/refcount.sty
Package: refcount 2019/12/15 v3.6 Data extraction from label references (HO)
)
(/nix/store/sri66ckjh7k70416m76rl2madmz43771-texlive-2025-env-texmfdist/tex/gen
eric/gettitlestring/gettitlestring.sty
Package: gettitlestring 2019/12/15 v1.6 Cleanup title references (HO)

(/nix/store/sri66ckjh7k70416m76rl2madmz43771-texlive-2025-env-texmfdist/tex/lat
ex/kvoptions/kvoptions.sty
Package: kvoptions 2022-06-15 v3.15 Key value format for package options (HO)
))
\c@section@level=\count313
)
(/nix/store/sri66ckjh7k70416m76rl2madmz43771-texlive-2025-env-texmfdist/tex/lat
ex/etoolbox/etoolbox.sty
Package: etoolbox 2025/02/11 v2.5l e-TeX tools for LaTeX (JAW)
\etb@tempcnta=\count314
)
(/nix/store/sri66ckjh7k70416m76rl2madmz43771-texlive-2025-env-texmfdist/tex/gen
eric/stringenc/stringenc.sty
Package: stringenc 2019/11/29 v1.12 Convert strings between diff. encodings (HO
)
)
\@linkdim=\dimen168
\Hy@linkcounter=\count315
\Hy@pagecounter=\count316

(/nix/store/sri66ckjh7k70416m76rl2madmz43771-texlive-2025-env-texmfdist/tex/lat
ex/hyperref/pd1enc.def
File: pd1enc.def 2025-06-21 v7.01n Hyperref: PDFDocEncoding definition (HO)
)
(/nix/store/sri66ckjh7k70416m76rl2madmz43771-texlive-2025-env-texmfdist/tex/gen
eric/intcalc/intcalc.sty
Package: intcalc 2019/12/15 v1.3 Expandable calculations with integers (HO)
)
\Hy@SavedSpaceFactor=\count317

(/nix/store/sri66ckjh7k70416m76rl2madmz43771-texlive-2025-env-texmfdist/tex/lat
ex/hyperref/puenc.def
File: puenc.def 2025-06-21 v7.01n Hyperref: PDF Unicode definition (HO)
)
Package hyperref Info: Hyper figures OFF on input line 4181.
Package hyperref Info: Link nesting OFF on input line 4186.
Package hyperref Info: Hyper index ON on input line 4189.
Package hyperref Info: Plain pages OFF on input line 4196.
Package hyperref Info: Backreferencing OFF on input line 4201.
Package hyperref Info: Implicit mode ON; LaTeX internals redefined.
Package hyperref Info: Bookmarks ON on input line 4448.
\c@Hy@tempcnt=\count318

(/nix/store/sri66ckjh7k70416m76rl2madmz43771-texlive-2025-env-texmfdist/tex/lat
ex/url/url.sty
\Urlmuskip=\muskip17
Package: url 2013/09/16  ver 3.4  Verb mode for urls, etc.
)
LaTeX Info: Redefining \url on input line 4787.
\XeTeXLinkMargin=\dimen169

(/nix/store/sri66ckjh7k70416m76rl2madmz43771-texlive-2025-env-texmfdist/tex/gen
eric/bitset/bitset.sty
Package: bitset 2019/12/09 v1.3 Handle bit-vector datatype (HO)

(/nix/store/sri66ckjh7k70416m76rl2madmz43771-texlive-2025-env-texmfdist/tex/gen
eric/bigintcalc/bigintcalc.sty
Package: bigintcalc 2019/12/15 v1.5 Expandable calculations on big integers (HO
)
))
\Fld@menulength=\count319
\Field@Width=\dimen170
\Fld@charsize=\dimen171
Package hyperref Info: Hyper figures OFF on input line 6066.
Package hyperref Info: Link nesting OFF on input line 6071.
Package hyperref Info: Hyper index ON on input line 6074.
Package hyperref Info: backreferencing OFF on input line 6081.
Package hyperref Info: Link coloring OFF on input line 6086.
Package hyperref Info: Link coloring with OCG OFF on input line 6091.
Package hyperref Info: PDF/A mode OFF on input line 6096.
\Hy@abspage=\count320
\c@Item=\count321
\c@Hfootnote=\count322
)
Package hyperref Info: Driver (autodetected): hluatex.

(/nix/store/sri66ckjh7k70416m76rl2madmz43771-texlive-2025-env-texmfdist/tex/lat
ex/hyperref/hluatex.def
File: hluatex.def 2025-06-21 v7.01n Hyperref driver for luaTeX
\Fld@listcount=\count323
\c@bookmark@seq@number=\count324

(/nix/store/sri66ckjh7k70416m76rl2madmz43771-texlive-2025-env-texmfdist/tex/lat
ex/rerunfilecheck/rerunfilecheck.sty
Package: rerunfilecheck 2025-06-21 v1.11 Rerun checks for auxiliary files (HO)

(/nix/store/sri66ckjh7k70416m76rl2madmz43771-texlive-2025-env-texmfdist/tex/gen
eric/uniquecounter/uniquecounter.sty
Package: uniquecounter 2019/12/15 v1.4 Provide unlimited unique counter (HO)
)
Package uniquecounter Info: New unique counter `rerunfilecheck' on input line 2
84.
)
\Hy@SectionHShift=\skip53
)
(/nix/store/sri66ckjh7k70416m76rl2madmz43771-texlive-2025-env-texmfdist/tex/lat
ex/amsmath/amsmath.sty
Package: amsmath 2025/06/16 v2.17y AMS math features
\@mathmargin=\skip54

For additional information on amsmath, use the `?' option.

(/nix/store/sri66ckjh7k70416m76rl2madmz43771-texlive-2025-env-texmfdist/tex/lat
ex/amsmath/amstext.sty
Package: amstext 2024/11/17 v2.01 AMS text

(/nix/store/sri66ckjh7k70416m76rl2madmz43771-texlive-2025-env-texmfdist/tex/lat
ex/amsmath/amsgen.sty
File: amsgen.sty 1999/11/30 v2.0 generic functions
\@emptytoks=\toks23
\ex@=\dimen172
))
(/nix/store/sri66ckjh7k70416m76rl2madmz43771-texlive-2025-env-texmfdist/tex/lat
ex/amsmath/amsbsy.sty
Package: amsbsy 1999/11/29 v1.2d Bold Symbols
\pmbraise@=\dimen173
)
(/nix/store/sri66ckjh7k70416m76rl2madmz43771-texlive-2025-env-texmfdist/tex/lat
ex/amsmath/amsopn.sty
Package: amsopn 2022/04/08 v2.04 operator names
)
\inf@bad=\count325
LaTeX Info: Redefining \frac on input line 235.
\uproot@=\count326
\leftroot@=\count327
LaTeX Info: Redefining \overline on input line 398.
LaTeX Info: Redefining \colon on input line 409.
\classnum@=\count328
\DOTSCASE@=\count329
LaTeX Info: Redefining \ldots on input line 495.
LaTeX Info: Redefining \dots on input line 498.
LaTeX Info: Redefining \cdots on input line 619.
\Mathstrutbox@=\box101
\strutbox@=\box102
LaTeX Info: Redefining \big on input line 721.
LaTeX Info: Redefining \Big on input line 722.
LaTeX Info: Redefining \bigg on input line 723.
LaTeX Info: Redefining \Bigg on input line 724.
\big@size=\dimen174
LaTeX Font Info:    Redeclaring font encoding OML on input line 742.
LaTeX Font Info:    Redeclaring font encoding OMS on input line 743.
\macc@depth=\count330
LaTeX Info: Redefining \bmod on input line 904.
LaTeX Info: Redefining \pmod on input line 909.
LaTeX Info: Redefining \smash on input line 939.
LaTeX Info: Redefining \relbar on input line 969.
LaTeX Info: Redefining \Relbar on input line 970.
\c@MaxMatrixCols=\count331
\dotsspace@=\muskip18
\c@parentequation=\count332
\dspbrk@lvl=\count333
\tag@help=\toks24
\row@=\count334
\column@=\count335
\maxfields@=\count336
\andhelp@=\toks25
\eqnshift@=\dimen175
\alignsep@=\dimen176
\tagshift@=\dimen177
\tagwidth@=\dimen178
\totwidth@=\dimen179
\lineht@=\dimen180
\@envbody=\toks26
\multlinegap=\skip55
\multlinetaggap=\skip56
\mathdisplay@stack=\toks27
LaTeX Info: Redefining \[ on input line 2949.
LaTeX Info: Redefining \] on input line 2950.
)
(/nix/store/sri66ckjh7k70416m76rl2madmz43771-texlive-2025-env-texmfdist/tex/gen
eric/soul/soul.sty
Package: soul 2023-06-14 v3.1 Permit use of UTF-8 characters in soul (HO)

(/nix/store/sri66ckjh7k70416m76rl2madmz43771-texlive-2025-env-texmfdist/tex/gen
eric/soul/soul-ori.sty
Package: soul-ori 2023-06-14 v3.1 letterspacing/underlining (mf)
\SOUL@word=\toks28
\SOUL@lasttoken=\toks29
\SOUL@syllable=\toks30
\SOUL@cmds=\toks31
\SOUL@buffer=\toks32
\SOUL@token=\toks33
\SOUL@syllgoal=\dimen181
\SOUL@syllwidth=\dimen182
\SOUL@charkern=\dimen183
\SOUL@hyphkern=\dimen184
\SOUL@dimen=\dimen185
\SOUL@dimeni=\dimen186
\SOUL@minus=\count337
\SOUL@comma=\count338
\SOUL@apo=\count339
\SOUL@grave=\count340
\SOUL@spaceskip=\skip57
\SOUL@ttwidth=\dimen187
\SOUL@uldp=\dimen188
\SOUL@ulht=\dimen189
)
(/nix/store/sri66ckjh7k70416m76rl2madmz43771-texlive-2025-env-texmfdist/tex/gen
eric/etexcmds/etexcmds.sty
Package: etexcmds 2019/12/15 v1.7 Avoid name clashes with e-TeX commands (HO)
))
(/nix/store/sri66ckjh7k70416m76rl2madmz43771-texlive-2025-env-texmfdist/tex/lat
ex/setspace/setspace.sty
Package: setspace 2022/12/04 v6.7b set line spacing
)
(/nix/store/sri66ckjh7k70416m76rl2madmz43771-texlive-2025-env-texmfdist/tex/lat
ex/paralist/paralist.sty
Package: paralist 2017/01/22 v2.7 Extended list environments
\pltopsep=\skip58
\plpartopsep=\skip59
\plitemsep=\skip60
\plparsep=\skip61
\pl@lab=\toks34
)
(/nix/store/sri66ckjh7k70416m76rl2madmz43771-texlive-2025-env-texmfdist/tex/lat
ex/unicode-math/unicode-math.sty
Package: unicode-math 2023/08/13 v0.8r Unicode maths in XeLaTeX and LuaLaTeX

(/nix/store/sri66ckjh7k70416m76rl2madmz43771-texlive-2025-env-texmfdist/tex/lat
ex/unicode-math/unicode-math-luatex.sty
Package: unicode-math-luatex 2023/08/13 v0.8r Unicode maths in XeLaTeX and LuaL
aTeX

(/nix/store/sri66ckjh7k70416m76rl2madmz43771-texlive-2025-env-texmfdist/tex/lat
ex/l3packages/l3keys2e/l3keys2e.sty
Package: l3keys2e 2024-08-16 LaTeX2e option processing using LaTeX3 keys
)
(/nix/store/sri66ckjh7k70416m76rl2madmz43771-texlive-2025-env-texmfdist/tex/lat
ex/base/fix-cm.sty
Package: fix-cm 2020/11/24 v1.1t fixes to LaTeX

(/nix/store/sri66ckjh7k70416m76rl2madmz43771-texlive-2025-env-texmfdist/tex/lat
ex/base/ts1enc.def
File: ts1enc.def 2001/06/05 v3.0e (jk/car/fm) Standard LaTeX file
LaTeX Font Info:    Redeclaring font encoding TS1 on input line 47.
LaTeX Encoding Info:    Redeclaring text command \capitalcedilla (encoding TS1)
 on input line 49.
LaTeX Encoding Info:    Redeclaring text command \capitalogonek (encoding TS1) 
on input line 52.
LaTeX Encoding Info:    Redeclaring text command \capitalgrave (encoding TS1) o
n input line 55.
LaTeX Encoding Info:    Redeclaring text command \capitalacute (encoding TS1) o
n input line 56.
LaTeX Encoding Info:    Redeclaring text command \capitalcircumflex (encoding T
S1) on input line 57.
LaTeX Encoding Info:    Redeclaring text command \capitaltilde (encoding TS1) o
n input line 58.
LaTeX Encoding Info:    Redeclaring text command \capitaldieresis (encoding TS1
) on input line 59.
LaTeX Encoding Info:    Redeclaring text command \capitalhungarumlaut (encoding
 TS1) on input line 60.
LaTeX Encoding Info:    Redeclaring text command \capitalring (encoding TS1) on
 input line 61.
LaTeX Encoding Info:    Redeclaring text command \capitalcaron (encoding TS1) o
n input line 62.
LaTeX Encoding Info:    Redeclaring text command \capitalbreve (encoding TS1) o
n input line 63.
LaTeX Encoding Info:    Redeclaring text command \capitalmacron (encoding TS1) 
on input line 64.
LaTeX Encoding Info:    Redeclaring text command \capitaldotaccent (encoding TS
1) on input line 65.
LaTeX Encoding Info:    Redeclaring text command \t (encoding TS1) on input lin
e 66.
LaTeX Encoding Info:    Redeclaring text command \capitaltie (encoding TS1) on 
input line 67.
LaTeX Encoding Info:    Redeclaring text command \newtie (encoding TS1) on inpu
t line 68.
LaTeX Encoding Info:    Redeclaring text command \capitalnewtie (encoding TS1) 
on input line 69.
LaTeX Encoding Info:    Redeclaring text symbol \textcapitalcompwordmark (encod
ing TS1) on input line 70.
LaTeX Encoding Info:    Redeclaring text symbol \textascendercompwordmark (enco
ding TS1) on input line 71.
LaTeX Encoding Info:    Redeclaring text symbol \textquotestraightbase (encodin
g TS1) on input line 72.
LaTeX Encoding Info:    Redeclaring text symbol \textquotestraightdblbase (enco
ding TS1) on input line 73.
LaTeX Encoding Info:    Redeclaring text symbol \texttwelveudash (encoding TS1)
 on input line 74.
LaTeX Encoding Info:    Redeclaring text symbol \textthreequartersemdash (encod
ing TS1) on input line 75.
LaTeX Encoding Info:    Redeclaring text symbol \textleftarrow (encoding TS1) o
n input line 76.
LaTeX Encoding Info:    Redeclaring text symbol \textrightarrow (encoding TS1) 
on input line 77.
LaTeX Encoding Info:    Redeclaring text symbol \textblank (encoding TS1) on in
put line 78.
LaTeX Encoding Info:    Redeclaring text symbol \textdollar (encoding TS1) on i
nput line 79.
LaTeX Encoding Info:    Redeclaring text symbol \textquotesingle (encoding TS1)
 on input line 80.
LaTeX Encoding Info:    Redeclaring text command \textasteriskcentered (encodin
g TS1) on input line 81.
LaTeX Encoding Info:    Redeclaring text symbol \textdblhyphen (encoding TS1) o
n input line 92.
LaTeX Encoding Info:    Redeclaring text symbol \textfractionsolidus (encoding 
TS1) on input line 93.
LaTeX Encoding Info:    Redeclaring text symbol \textzerooldstyle (encoding TS1
) on input line 94.
LaTeX Encoding Info:    Redeclaring text symbol \textoneoldstyle (encoding TS1)
 on input line 95.
LaTeX Encoding Info:    Redeclaring text symbol \texttwooldstyle (encoding TS1)
 on input line 96.
LaTeX Encoding Info:    Redeclaring text symbol \textthreeoldstyle (encoding TS
1) on input line 97.
LaTeX Encoding Info:    Redeclaring text symbol \textfouroldstyle (encoding TS1
) on input line 98.
LaTeX Encoding Info:    Redeclaring text symbol \textfiveoldstyle (encoding TS1
) on input line 99.
LaTeX Encoding Info:    Redeclaring text symbol \textsixoldstyle (encoding TS1)
 on input line 100.
LaTeX Encoding Info:    Redeclaring text symbol \textsevenoldstyle (encoding TS
1) on input line 101.
LaTeX Encoding Info:    Redeclaring text symbol \texteightoldstyle (encoding TS
1) on input line 102.
LaTeX Encoding Info:    Redeclaring text symbol \textnineoldstyle (encoding TS1
) on input line 103.
LaTeX Encoding Info:    Redeclaring text symbol \textlangle (encoding TS1) on i
nput line 104.
LaTeX Encoding Info:    Redeclaring text symbol \textminus (encoding TS1) on in
put line 105.
LaTeX Encoding Info:    Redeclaring text symbol \textrangle (encoding TS1) on i
nput line 106.
LaTeX Encoding Info:    Redeclaring text symbol \textmho (encoding TS1) on inpu
t line 107.
LaTeX Encoding Info:    Redeclaring text symbol \textbigcircle (encoding TS1) o
n input line 108.
LaTeX Encoding Info:    Redeclaring text command \textcircled (encoding TS1) on
 input line 109.
LaTeX Encoding Info:    Redeclaring text symbol \textohm (encoding TS1) on inpu
t line 115.
LaTeX Encoding Info:    Redeclaring text symbol \textlbrackdbl (encoding TS1) o
n input line 116.
LaTeX Encoding Info:    Redeclaring text symbol \textrbrackdbl (encoding TS1) o
n input line 117.
LaTeX Encoding Info:    Redeclaring text symbol \textuparrow (encoding TS1) on 
input line 118.
LaTeX Encoding Info:    Redeclaring text symbol \textdownarrow (encoding TS1) o
n input line 119.
LaTeX Encoding Info:    Redeclaring text symbol \textasciigrave (encoding TS1) 
on input line 120.
LaTeX Encoding Info:    Redeclaring text symbol \textborn (encoding TS1) on inp
ut line 121.
LaTeX Encoding Info:    Redeclaring text symbol \textdivorced (encoding TS1) on
 input line 122.
LaTeX Encoding Info:    Redeclaring text symbol \textdied (encoding TS1) on inp
ut line 123.
LaTeX Encoding Info:    Redeclaring text symbol \textleaf (encoding TS1) on inp
ut line 124.
LaTeX Encoding Info:    Redeclaring text symbol \textmarried (encoding TS1) on 
input line 125.
LaTeX Encoding Info:    Redeclaring text symbol \textmusicalnote (encoding TS1)
 on input line 126.
LaTeX Encoding Info:    Redeclaring text symbol \texttildelow (encoding TS1) on
 input line 127.
LaTeX Encoding Info:    Redeclaring text symbol \textdblhyphenchar (encoding TS
1) on input line 128.
LaTeX Encoding Info:    Redeclaring text symbol \textasciibreve (encoding TS1) 
on input line 129.
LaTeX Encoding Info:    Redeclaring text symbol \textasciicaron (encoding TS1) 
on input line 130.
LaTeX Encoding Info:    Redeclaring text symbol \textacutedbl (encoding TS1) on
 input line 131.
LaTeX Encoding Info:    Redeclaring text symbol \textgravedbl (encoding TS1) on
 input line 132.
LaTeX Encoding Info:    Redeclaring text symbol \textdagger (encoding TS1) on i
nput line 133.
LaTeX Encoding Info:    Redeclaring text symbol \textdaggerdbl (encoding TS1) o
n input line 134.
LaTeX Encoding Info:    Redeclaring text symbol \textbardbl (encoding TS1) on i
nput line 135.
LaTeX Encoding Info:    Redeclaring text symbol \textperthousand (encoding TS1)
 on input line 136.
LaTeX Encoding Info:    Redeclaring text symbol \textbullet (encoding TS1) on i
nput line 137.
LaTeX Encoding Info:    Redeclaring text symbol \textcelsius (encoding TS1) on 
input line 138.
LaTeX Encoding Info:    Redeclaring text symbol \textdollaroldstyle (encoding T
S1) on input line 139.
LaTeX Encoding Info:    Redeclaring text symbol \textcentoldstyle (encoding TS1
) on input line 140.
LaTeX Encoding Info:    Redeclaring text symbol \textflorin (encoding TS1) on i
nput line 141.
LaTeX Encoding Info:    Redeclaring text symbol \textcolonmonetary (encoding TS
1) on input line 142.
LaTeX Encoding Info:    Redeclaring text symbol \textwon (encoding TS1) on inpu
t line 143.
LaTeX Encoding Info:    Redeclaring text symbol \textnaira (encoding TS1) on in
put line 144.
LaTeX Encoding Info:    Redeclaring text symbol \textguarani (encoding TS1) on 
input line 145.
LaTeX Encoding Info:    Redeclaring text symbol \textpeso (encoding TS1) on inp
ut line 146.
LaTeX Encoding Info:    Redeclaring text symbol \textlira (encoding TS1) on inp
ut line 147.
LaTeX Encoding Info:    Redeclaring text symbol \textrecipe (encoding TS1) on i
nput line 148.
LaTeX Encoding Info:    Redeclaring text symbol \textinterrobang (encoding TS1)
 on input line 149.
LaTeX Encoding Info:    Redeclaring text symbol \textinterrobangdown (encoding 
TS1) on input line 150.
LaTeX Encoding Info:    Redeclaring text symbol \textdong (encoding TS1) on inp
ut line 151.
LaTeX Encoding Info:    Redeclaring text symbol \texttrademark (encoding TS1) o
n input line 152.
LaTeX Encoding Info:    Redeclaring text symbol \textpertenthousand (encoding T
S1) on input line 153.
LaTeX Encoding Info:    Redeclaring text symbol \textpilcrow (encoding TS1) on 
input line 154.
LaTeX Encoding Info:    Redeclaring text symbol \textbaht (encoding TS1) on inp
ut line 155.
LaTeX Encoding Info:    Redeclaring text symbol \textnumero (encoding TS1) on i
nput line 156.
LaTeX Encoding Info:    Redeclaring text symbol \textdiscount (encoding TS1) on
 input line 157.
LaTeX Encoding Info:    Redeclaring text symbol \textestimated (encoding TS1) o
n input line 158.
LaTeX Encoding Info:    Redeclaring text symbol \textopenbullet (encoding TS1) 
on input line 159.
LaTeX Encoding Info:    Redeclaring text symbol \textservicemark (encoding TS1)
 on input line 160.
LaTeX Encoding Info:    Redeclaring text symbol \textlquill (encoding TS1) on i
nput line 161.
LaTeX Encoding Info:    Redeclaring text symbol \textrquill (encoding TS1) on i
nput line 162.
LaTeX Encoding Info:    Redeclaring text symbol \textcent (encoding TS1) on inp
ut line 163.
LaTeX Encoding Info:    Redeclaring text symbol \textsterling (encoding TS1) on
 input line 164.
LaTeX Encoding Info:    Redeclaring text symbol \textcurrency (encoding TS1) on
 input line 165.
LaTeX Encoding Info:    Redeclaring text symbol \textyen (encoding TS1) on inpu
t line 166.
LaTeX Encoding Info:    Redeclaring text symbol \textbrokenbar (encoding TS1) o
n input line 167.
LaTeX Encoding Info:    Redeclaring text symbol \textsection (encoding TS1) on 
input line 168.
LaTeX Encoding Info:    Redeclaring text symbol \textasciidieresis (encoding TS
1) on input line 169.
LaTeX Encoding Info:    Redeclaring text symbol \textcopyright (encoding TS1) o
n input line 170.
LaTeX Encoding Info:    Redeclaring text symbol \textordfeminine (encoding TS1)
 on input line 171.
LaTeX Encoding Info:    Redeclaring text symbol \textcopyleft (encoding TS1) on
 input line 172.
LaTeX Encoding Info:    Redeclaring text symbol \textlnot (encoding TS1) on inp
ut line 173.
LaTeX Encoding Info:    Redeclaring text symbol \textcircledP (encoding TS1) on
 input line 174.
LaTeX Encoding Info:    Redeclaring text symbol \textregistered (encoding TS1) 
on input line 175.
LaTeX Encoding Info:    Redeclaring text symbol \textasciimacron (encoding TS1)
 on input line 176.
LaTeX Encoding Info:    Redeclaring text symbol \textdegree (encoding TS1) on i
nput line 177.
LaTeX Encoding Info:    Redeclaring text symbol \textpm (encoding TS1) on input
 line 178.
LaTeX Encoding Info:    Redeclaring text symbol \texttwosuperior (encoding TS1)
 on input line 179.
LaTeX Encoding Info:    Redeclaring text symbol \textthreesuperior (encoding TS
1) on input line 180.
LaTeX Encoding Info:    Redeclaring text symbol \textasciiacute (encoding TS1) 
on input line 181.
LaTeX Encoding Info:    Redeclaring text symbol \textmu (encoding TS1) on input
 line 182.
LaTeX Encoding Info:    Redeclaring text symbol \textparagraph (encoding TS1) o
n input line 183.
LaTeX Encoding Info:    Redeclaring text symbol \textperiodcentered (encoding T
S1) on input line 184.
LaTeX Encoding Info:    Redeclaring text symbol \textreferencemark (encoding TS
1) on input line 185.
LaTeX Encoding Info:    Redeclaring text symbol \textonesuperior (encoding TS1)
 on input line 186.
LaTeX Encoding Info:    Redeclaring text symbol \textordmasculine (encoding TS1
) on input line 187.
LaTeX Encoding Info:    Redeclaring text symbol \textsurd (encoding TS1) on inp
ut line 188.
LaTeX Encoding Info:    Redeclaring text symbol \textonequarter (encoding TS1) 
on input line 189.
LaTeX Encoding Info:    Redeclaring text symbol \textonehalf (encoding TS1) on 
input line 190.
LaTeX Encoding Info:    Redeclaring text symbol \textthreequarters (encoding TS
1) on input line 191.
LaTeX Encoding Info:    Redeclaring text symbol \texteuro (encoding TS1) on inp
ut line 192.
LaTeX Encoding Info:    Redeclaring text symbol \texttimes (encoding TS1) on in
put line 193.
LaTeX Encoding Info:    Redeclaring text symbol \textdiv (encoding TS1) on inpu
t line 194.
))
(/nix/store/sri66ckjh7k70416m76rl2madmz43771-texlive-2025-env-texmfdist/tex/lua
latex/lualatex-math/lualatex-math.sty
Package: lualatex-math 2022/01/01 v1.12 Patches for mathematics typesetting wit
h LuaLaTeX
Lua module: lualatex-math 2013/08/03 v1.3 Patches for mathematics typesetting wi
th LuaLaTeX)
\g__um_fam_int=\count341
\g__um_fonts_used_int=\count342
\l__um_primecount_int=\count343
\g__um_primekern_muskip=\muskip19

(/nix/store/sri66ckjh7k70416m76rl2madmz43771-texlive-2025-env-texmfdist/tex/lat
ex/unicode-math/unicode-math-table.tex)))
(/nix/store/sri66ckjh7k70416m76rl2madmz43771-texlive-2025-env-texmfdist/tex/lat
ex/geometry/geometry.sty
Package: geometry 2020/01/02 v5.9 Page Geometry

(/nix/store/sri66ckjh7k70416m76rl2madmz43771-texlive-2025-env-texmfdist/tex/gen
eric/iftex/ifvtex.sty
Package: ifvtex 2019/10/25 v1.7 ifvtex legacy package. Use iftex instead.
)
\Gm@cnth=\count344
\Gm@cntv=\count345
\c@Gm@tempcnt=\count346
\Gm@bindingoffset=\dimen190
\Gm@wd@mp=\dimen191
\Gm@odd@mp=\dimen192
\Gm@even@mp=\dimen193
\Gm@layoutwidth=\dimen194
\Gm@layoutheight=\dimen195
\Gm@layouthoffset=\dimen196
\Gm@layoutvoffset=\dimen197
\Gm@dimlist=\toks35
)
(/nix/store/sri66ckjh7k70416m76rl2madmz43771-texlive-2025-env-texmfdist/tex/lat
ex/psnfss/courier.sty
Package: courier 2020/03/25 PSNFSS-v9.3 (WaS) 
)
luaotfload | cache : Lookup cache loaded from /Users/iago.rocha/.texlive2025/tex
mf-var/luatex-cache/generic/names/luaotfload-lookup-cache.luc.

Package fontspec Info: 
(fontspec)             Font family 'DejaVuSansMono(0)' created for font
(fontspec)             'DejaVu Sans Mono' with options
(fontspec)             [BoldFont={},ItalicFont={},SmallCapsFont={},Contextuals=
{WordInitial,WordFinal}].
(fontspec)              
(fontspec)              This font family consists of the following NFSS
(fontspec)             series/shapes:
(fontspec)              
(fontspec)             - 'normal' (m/n) with NFSS spec.: <->"name:DejaVu Sans
(fontspec)             Mono:mode=node;script=latn;language=dflt;+init;+fina;"


(/nix/store/sri66ckjh7k70416m76rl2madmz43771-texlive-2025-env-texmfdist/tex/lat
ex/titling/titling.sty
Package: titling 2009/09/04 v2.1d maketitle typesetting
\thanksmarkwidth=\skip62
\thanksmargin=\skip63
\droptitle=\skip64
) (./notebook.aux)
\openout1 = notebook.aux

LaTeX Font Info:    Checking defaults for OML/cmm/m/it on input line 85.
LaTeX Font Info:    ... okay on input line 85.
LaTeX Font Info:    Checking defaults for OMS/cmsy/m/n on input line 85.
LaTeX Font Info:    ... okay on input line 85.
LaTeX Font Info:    Checking defaults for OT1/cmr/m/n on input line 85.
LaTeX Font Info:    ... okay on input line 85.
LaTeX Font Info:    Checking defaults for T1/cmr/m/n on input line 85.
LaTeX Font Info:    ... okay on input line 85.
LaTeX Font Info:    Checking defaults for TS1/cmr/m/n on input line 85.
LaTeX Font Info:    ... okay on input line 85.
LaTeX Font Info:    Checking defaults for TU/lmr/m/n on input line 85.
LaTeX Font Info:    ... okay on input line 85.
LaTeX Font Info:    Checking defaults for OMX/cmex/m/n on input line 85.
LaTeX Font Info:    ... okay on input line 85.
LaTeX Font Info:    Checking defaults for U/cmr/m/n on input line 85.
LaTeX Font Info:    ... okay on input line 85.
LaTeX Font Info:    Checking defaults for PD1/pdf/m/n on input line 85.
LaTeX Font Info:    ... okay on input line 85.
LaTeX Font Info:    Checking defaults for PU/pdf/m/n on input line 85.
LaTeX Font Info:    ... okay on input line 85.

(/nix/store/sri66ckjh7k70416m76rl2madmz43771-texlive-2025-env-texmfdist/tex/con
text/base/mkii/supp-pdf.mkii
[Loading MPS to PDF converter (version 2006.09.02).]
\scratchcounter=\count347
\scratchdimen=\dimen198
\scratchbox=\box103
\nofMPsegments=\count348
\nofMParguments=\count349
\everyMPshowfont=\toks36
\MPscratchCnt=\count350
\MPscratchDim=\dimen199
\MPnumerator=\count351
\makeMPintoPDFobject=\count352
\everyMPtoPDFconversion=\toks37
)
(/nix/store/sri66ckjh7k70416m76rl2madmz43771-texlive-2025-env-texmfdist/tex/lat
ex/epstopdf-pkg/epstopdf-base.sty
Package: epstopdf-base 2020-01-24 v2.11 Base part for package epstopdf
Package epstopdf-base Info: Redefining graphics rule for `.eps' on input line 4
85.

(/nix/store/sri66ckjh7k70416m76rl2madmz43771-texlive-2025-env-texmfdist/tex/lat
ex/latexconfig/epstopdf-sys.cfg
File: epstopdf-sys.cfg 2010/07/13 v1.3 Configuration of (r)epstopdf for TeX Liv
e
))
\c@lstlisting=\count353
Package hyperref Info: Link coloring OFF on input line 85.
 (./notebook.out) (./notebook.out)
\@outlinefile=\write3

\openout3 = notebook.out
LaTeX Font Info:    Overwriting math alphabet `\mathrm' in version `normal'
(Font)                  OT1/cmr/m/n --> TU/lmr/m/n on input line 85.
LaTeX Font Info:    Overwriting math alphabet `\mathit' in version `normal'
(Font)                  OT1/cmr/m/it --> TU/lmr/m/it on input line 85.
LaTeX Font Info:    Overwriting math alphabet `\mathbf' in version `normal'
(Font)                  OT1/cmr/bx/n --> TU/lmr/bx/n on input line 85.
LaTeX Font Info:    Overwriting math alphabet `\mathsf' in version `normal'
(Font)                  OT1/cmss/m/n --> TU/lmss/m/n on input line 85.
LaTeX Font Info:    Overwriting math alphabet `\mathsf' in version `bold'
(Font)                  OT1/cmss/bx/n --> TU/lmss/bx/n on input line 85.
LaTeX Font Info:    Overwriting math alphabet `\mathtt' in version `normal'
(Font)                  OT1/cmtt/m/n --> TU/pcr/m/n on input line 85.
LaTeX Font Info:    Overwriting math alphabet `\mathtt' in version `bold'
(Font)                  OT1/cmtt/m/n --> TU/pcr/bx/n on input line 85.

Package fontspec Info: 
(fontspec)             Font family 'latinmodern-math.otf(0)' created for font
(fontspec)             'latinmodern-math.otf' with options
(fontspec)             [Renderer=Basic,BoldItalicFont={},ItalicFont={},SmallCap
sFont={},Script=Math,RawFeature={mathfontdimen=xetex},BoldFont={latinmodern-mat
h.otf}].
(fontspec)              
(fontspec)              This font family consists of the following NFSS
(fontspec)             series/shapes:
(fontspec)              
(fontspec)             - 'normal' (m/n) with NFSS spec.:
(fontspec)             <->"[latinmodern-math.otf]:mode=base;script=math;languag
e=dflt;mathfontdimen=xetex;"
(fontspec)             - 'bold' (b/n) with NFSS spec.:
(fontspec)             <->"[latinmodern-math.otf]:mode=base;script=math;languag
e=dflt;mathfontdimen=xetex;"


Package fontspec Info: 
(fontspec)             Font family 'latinmodern-math.otf(1)' created for font
(fontspec)             'latinmodern-math.otf' with options
(fontspec)             [Renderer=Basic,BoldItalicFont={},ItalicFont={},SmallCap
sFont={},Script=Math,SizeFeatures={{Size=8.5-},{Size=6-8.5,Font=latinmodern-mat
h.otf,Style=MathScript},{Size=-6,Font=latinmodern-math.otf,Style=MathScriptScri
pt}},RawFeature={mathfontdimen=xetex},BoldFont={latinmodern-math.otf}].
(fontspec)              
(fontspec)              This font family consists of the following NFSS
(fontspec)             series/shapes:
(fontspec)              
(fontspec)             - 'normal' (m/n) with NFSS spec.:
(fontspec)             <8.5->"[latinmodern-math.otf]:mode=base;script=math;lang
uage=dflt;mathfontdimen=xetex;"<6-8.5>"[latinmodern-math.otf]:mode=base;script=
math;language=dflt;mathfontdimen=xetex;+ssty=0;"<-6>"[latinmodern-math.otf]:mod
e=base;script=math;language=dflt;mathfontdimen=xetex;+ssty=1;"
(fontspec)             - 'bold' (b/n) with NFSS spec.:
(fontspec)             <->"[latinmodern-math.otf]:mode=base;script=math;languag
e=dflt;mathfontdimen=xetex;"

LaTeX Font Info:    Encoding `OT1' has changed to `TU' for symbol font
(Font)              `operators' in the math version `normal' on input line 85.
LaTeX Font Info:    Overwriting symbol font `operators' in version `normal'
(Font)                  OT1/cmr/m/n --> TU/latinmodern-math.otf(1)/m/n on input
 line 85.
LaTeX Font Info:    Encoding `OT1' has changed to `TU' for symbol font
(Font)              `operators' in the math version `bold' on input line 85.
LaTeX Font Info:    Overwriting symbol font `operators' in version `bold'
(Font)                  OT1/cmr/bx/n --> TU/latinmodern-math.otf(1)/b/n on inpu
t line 85.

Package fontspec Info: 
(fontspec)             Font family 'latinmodern-math.otf(2)' created for font
(fontspec)             'latinmodern-math.otf' with options
(fontspec)             [Renderer=Basic,BoldItalicFont={},ItalicFont={},SmallCap
sFont={},Script=Math,SizeFeatures={{Size=8.5-},{Size=6-8.5,Font=latinmodern-mat
h.otf,Style=MathScript},{Size=-6,Font=latinmodern-math.otf,Style=MathScriptScri
pt}},RawFeature={mathfontdimen=xetex},BoldFont={latinmodern-math.otf},RawFeatur
e={mathfontdimen=tex2}].
(fontspec)              
(fontspec)              This font family consists of the following NFSS
(fontspec)             series/shapes:
(fontspec)              
(fontspec)             - 'normal' (m/n) with NFSS spec.:
(fontspec)             <8.5->"[latinmodern-math.otf]:mode=base;script=math;lang
uage=dflt;mathfontdimen=xetex;mathfontdimen=tex2;"<6-8.5>"[latinmodern-math.otf
]:mode=base;script=math;language=dflt;mathfontdimen=xetex;mathfontdimen=tex2;+s
sty=0;"<-6>"[latinmodern-math.otf]:mode=base;script=math;language=dflt;mathfont
dimen=xetex;mathfontdimen=tex2;+ssty=1;"
(fontspec)             - 'bold' (b/n) with NFSS spec.:
(fontspec)             <->"[latinmodern-math.otf]:mode=base;script=math;languag
e=dflt;mathfontdimen=xetex;mathfontdimen=tex2;"

LaTeX Font Info:    Encoding `OMS' has changed to `TU' for symbol font
(Font)              `symbols' in the math version `normal' on input line 85.
LaTeX Font Info:    Overwriting symbol font `symbols' in version `normal'
(Font)                  OMS/cmsy/m/n --> TU/latinmodern-math.otf(2)/m/n on inpu
t line 85.
LaTeX Font Info:    Encoding `OMS' has changed to `TU' for symbol font
(Font)              `symbols' in the math version `bold' on input line 85.
LaTeX Font Info:    Overwriting symbol font `symbols' in version `bold'
(Font)                  OMS/cmsy/b/n --> TU/latinmodern-math.otf(2)/b/n on inpu
t line 85.

Package fontspec Info: 
(fontspec)             Font family 'latinmodern-math.otf(3)' created for font
(fontspec)             'latinmodern-math.otf' with options
(fontspec)             [Renderer=Basic,BoldItalicFont={},ItalicFont={},SmallCap
sFont={},Script=Math,SizeFeatures={{Size=8.5-},{Size=6-8.5,Font=latinmodern-mat
h.otf,Style=MathScript},{Size=-6,Font=latinmodern-math.otf,Style=MathScriptScri
pt}},RawFeature={mathfontdimen=xetex},BoldFont={latinmodern-math.otf},RawFeatur
e={mathfontdimen=tex3}].
(fontspec)              
(fontspec)              This font family consists of the following NFSS
(fontspec)             series/shapes:
(fontspec)              
(fontspec)             - 'normal' (m/n) with NFSS spec.:
(fontspec)             <8.5->"[latinmodern-math.otf]:mode=base;script=math;lang
uage=dflt;mathfontdimen=xetex;mathfontdimen=tex3;"<6-8.5>"[latinmodern-math.otf
]:mode=base;script=math;language=dflt;mathfontdimen=xetex;mathfontdimen=tex3;+s
sty=0;"<-6>"[latinmodern-math.otf]:mode=base;script=math;language=dflt;mathfont
dimen=xetex;mathfontdimen=tex3;+ssty=1;"
(fontspec)             - 'bold' (b/n) with NFSS spec.:
(fontspec)             <->"[latinmodern-math.otf]:mode=base;script=math;languag
e=dflt;mathfontdimen=xetex;mathfontdimen=tex3;"

LaTeX Font Info:    Encoding `OMX' has changed to `TU' for symbol font
(Font)              `largesymbols' in the math version `normal' on input line 8
5.
LaTeX Font Info:    Overwriting symbol font `largesymbols' in version `normal'
(Font)                  OMX/cmex/m/n --> TU/latinmodern-math.otf(3)/m/n on inpu
t line 85.
LaTeX Font Info:    Encoding `OMX' has changed to `TU' for symbol font
(Font)              `largesymbols' in the math version `bold' on input line 85.

LaTeX Font Info:    Overwriting symbol font `largesymbols' in version `bold'
(Font)                  OMX/cmex/m/n --> TU/latinmodern-math.otf(3)/b/n on inpu
t line 85.
LaTeX Font Info:    Trying to load font information for U+msa on input line 85.


(/nix/store/sri66ckjh7k70416m76rl2madmz43771-texlive-2025-env-texmfdist/tex/lat
ex/amsfonts/umsa.fd
File: umsa.fd 2013/01/14 v3.01 AMS symbols A
)
LaTeX Font Info:    Trying to load font information for U+msb on input line 85.


(/nix/store/sri66ckjh7k70416m76rl2madmz43771-texlive-2025-env-texmfdist/tex/lat
ex/amsfonts/umsb.fd
File: umsb.fd 2013/01/14 v3.01 AMS symbols B
)
*geometry* driver: auto-detecting
*geometry* detected driver: luatex
*geometry* verbose mode - [ preamble ] result:
* driver: luatex
* paper: a4paper
* layout: <same size as paper>
* layoutoffset:(h,v)=(0.0pt,0.0pt)
* modes: landscape 
* h-part:(L,W,R)=(14.22636pt, 816.59412pt, 14.22636pt)
* v-part:(T,H,B)=(28.45274pt, 540.60239pt, 28.45274pt)
* \paperwidth=845.04684pt
* \paperheight=597.50787pt
* \textwidth=816.59412pt
* \textheight=540.60239pt
* \oddsidemargin=-58.04362pt
* \evensidemargin=-58.04362pt
* \topmargin=-80.81725pt
* \headheight=12.0pt
* \headsep=25.0pt
* \topskip=10.0pt
* \footskip=14.22636pt
* \marginparwidth=65.0pt
* \marginparsep=11.0pt
* \columnsep=14.22636pt
* \skip\footins=0.0pt
* \hoffset=0.0pt
* \voffset=0.0pt
* \mag=1000
* \@twocolumnfalse
* \@twosidefalse
* \@mparswitchfalse
* \@reversemarginfalse
* (1in=72.27pt=25.4mm, 1cm=28.453pt)



[1

{/nix/store/ygib6gfz29pxg23rn081qh4clmzril3m-texlive-2025-env/share/texmf-var/fo
nts/map/pdftex/updmap/pdftex.map}] (./notebook.toc






warning  (pdf backend): ignoring duplicate destination with the name 'page.1'
[1]





[2])
\tf@toc=\write4

\openout4 = notebook.toc






[3]
(/nix/store/sri66ckjh7k70416m76rl2madmz43771-texlive-2025-env-texmfdist/tex/lat
ex/listings/lstlang1.sty
File: lstlang1.sty 2024/09/23 1.10c listings language file
)
(/nix/store/sri66ckjh7k70416m76rl2madmz43771-texlive-2025-env-texmfdist/tex/lat
ex/listings/lstlang1.sty
File: lstlang1.sty 2024/09/23 1.10c listings language file
)
(/nix/store/sri66ckjh7k70416m76rl2madmz43771-texlive-2025-env-texmfdist/tex/lat
ex/listings/lstmisc.sty
File: lstmisc.sty 2024/09/23 1.10c (Carsten Heinz)
)
LaTeX Font Info:    Trying to load font information for TU+pcr on input line 13
3.
LaTeX Font Info:    No file TUpcr.fd. on input line 133.


LaTeX Font Warning: Font shape `TU/pcr/m/n' undefined
(Font)              using `TU/lmr/m/n' instead on input line 133.


Package inputenc Warning: inputenc package ignored with utf8 based engines.


LaTeX Font Warning: Font shape `TU/DejaVuSansMono(0)/b/n' undefined
(Font)              using `TU/DejaVuSansMono(0)/m/n' instead on input line 134.



Package inputenc Warning: inputenc package ignored with utf8 based engines.


Package inputenc Warning: inputenc package ignored with utf8 based engines.


Package inputenc Warning: inputenc package ignored with utf8 based engines.







[4]

Package inputenc Warning: inputenc package ignored with utf8 based engines.


Package inputenc Warning: inputenc package ignored with utf8 based engines.







[5]

Package inputenc Warning: inputenc package ignored with utf8 based engines.


Package inputenc Warning: inputenc package ignored with utf8 based engines.







[6]

Package inputenc Warning: inputenc package ignored with utf8 based engines.


Package inputenc Warning: inputenc package ignored with utf8 based engines.







[7]

Package inputenc Warning: inputenc package ignored with utf8 based engines.


Package inputenc Warning: inputenc package ignored with utf8 based engines.







[8]

Package inputenc Warning: inputenc package ignored with utf8 based engines.







[9]

Package inputenc Warning: inputenc package ignored with utf8 based engines.







[10]

Package inputenc Warning: inputenc package ignored with utf8 based engines.


Package inputenc Warning: inputenc package ignored with utf8 based engines.







[11]

Package inputenc Warning: inputenc package ignored with utf8 based engines.


Package inputenc Warning: inputenc package ignored with utf8 based engines.


Package inputenc Warning: inputenc package ignored with utf8 based engines.


Package inputenc Warning: inputenc package ignored with utf8 based engines.







[12]

Package inputenc Warning: inputenc package ignored with utf8 based engines.


Package inputenc Warning: inputenc package ignored with utf8 based engines.







[13]

Package inputenc Warning: inputenc package ignored with utf8 based engines.







[14]

Package inputenc Warning: inputenc package ignored with utf8 based engines.







[15]

Package inputenc Warning: inputenc package ignored with utf8 based engines.







[16]

Package inputenc Warning: inputenc package ignored with utf8 based engines.


Package inputenc Warning: inputenc package ignored with utf8 based engines.


Package inputenc Warning: inputenc package ignored with utf8 based engines.







[17]

Package inputenc Warning: inputenc package ignored with utf8 based engines.


Package inputenc Warning: inputenc package ignored with utf8 based engines.


Package inputenc Warning: inputenc package ignored with utf8 based engines.







[18]

Package inputenc Warning: inputenc package ignored with utf8 based engines.







[19]

Package inputenc Warning: inputenc package ignored with utf8 based engines.


Package inputenc Warning: inputenc package ignored with utf8 based engines.


Package inputenc Warning: inputenc package ignored with utf8 based engines.


Package inputenc Warning: inputenc package ignored with utf8 based engines.







[20]

Package inputenc Warning: inputenc package ignored with utf8 based engines.


Package inputenc Warning: inputenc package ignored with utf8 based engines.


Package inputenc Warning: inputenc package ignored with utf8 based engines.







[21]

Package inputenc Warning: inputenc package ignored with utf8 based engines.


Package inputenc Warning: inputenc package ignored with utf8 based engines.







[22]

Package inputenc Warning: inputenc package ignored with utf8 based engines.


Package inputenc Warning: inputenc package ignored with utf8 based engines.







[23]

Package inputenc Warning: inputenc package ignored with utf8 based engines.


Package inputenc Warning: inputenc package ignored with utf8 based engines.


Package inputenc Warning: inputenc package ignored with utf8 based engines.


Package inputenc Warning: inputenc package ignored with utf8 based engines.







[24]

Package inputenc Warning: inputenc package ignored with utf8 based engines.


Package inputenc Warning: inputenc package ignored with utf8 based engines.


Package inputenc Warning: inputenc package ignored with utf8 based engines.


Package inputenc Warning: inputenc package ignored with utf8 based engines.







[25]

Package inputenc Warning: inputenc package ignored with utf8 based engines.


Package inputenc Warning: inputenc package ignored with utf8 based engines.


Package inputenc Warning: inputenc package ignored with utf8 based engines.


Package inputenc Warning: inputenc package ignored with utf8 based engines.







[26]

Package inputenc Warning: inputenc package ignored with utf8 based engines.


Package inputenc Warning: inputenc package ignored with utf8 based engines.


Overfull \hbox (29.2203pt too wide) in paragraph at lines 3579--3581
[][][][] 
 []


Overfull \hbox (29.2203pt too wide) in paragraph at lines 3594--3596
[][][][] 
 []


Overfull \hbox (29.2203pt too wide) in paragraph at lines 3641--3643
[][][][] 
 []







[27]
Overfull \hbox (29.2203pt too wide) in paragraph at lines 3701--3703
[][][][] 
 []


Overfull \hbox (29.2203pt too wide) in paragraph at lines 3750--3752
[][][][] 
 []







[28]
Overfull \hbox (29.2203pt too wide) in paragraph at lines 3770--3772
[][][][] 
 []


Overfull \hbox (29.2203pt too wide) in paragraph at lines 3803--3805
[][][][] 
 []


Overfull \hbox (29.2203pt too wide) in paragraph at lines 3811--3813
[][][][] 
 []







[29]
Overfull \hbox (29.2203pt too wide) in paragraph at lines 3915--3917
[][][][] 
 []


Overfull \hbox (29.2203pt too wide) in paragraph at lines 3933--3935
[][][][] 
 []


Overfull \hbox (29.2203pt too wide) in paragraph at lines 3953--3955
[][][][] 
 []







[30]
Overfull \hbox (29.2203pt too wide) in paragraph at lines 4001--4003
[][][][] 
 []


Overfull \hbox (29.2203pt too wide) in paragraph at lines 4034--4036
[][][][] 
 []


Overfull \hbox (29.2203pt too wide) in paragraph at lines 4045--4047
[][][][] 
 []


Overfull \hbox (29.2203pt too wide) in paragraph at lines 4076--4078
[][][][] 
 []


Overfull \hbox (29.2203pt too wide) in paragraph at lines 4092--4093
[][][][] 
 []







[31]
Overfull \hbox (29.2203pt too wide) in paragraph at lines 4113--4115
[][][][] 
 []


Package inputenc Warning: inputenc package ignored with utf8 based engines.


Package inputenc Warning: inputenc package ignored with utf8 based engines.







[32]

Package inputenc Warning: inputenc package ignored with utf8 based engines.


Package inputenc Warning: inputenc package ignored with utf8 based engines.


Package inputenc Warning: inputenc package ignored with utf8 based engines.







[33]

Package inputenc Warning: inputenc package ignored with utf8 based engines.


Package inputenc Warning: inputenc package ignored with utf8 based engines.


Package inputenc Warning: inputenc package ignored with utf8 based engines.


Package inputenc Warning: inputenc package ignored with utf8 based engines.


Package inputenc Warning: inputenc package ignored with utf8 based engines.







[34]

Package inputenc Warning: inputenc package ignored with utf8 based engines.


Package inputenc Warning: inputenc package ignored with utf8 based engines.







[35]

Package inputenc Warning: inputenc package ignored with utf8 based engines.


Package inputenc Warning: inputenc package ignored with utf8 based engines.


Package inputenc Warning: inputenc package ignored with utf8 based engines.


Package inputenc Warning: inputenc package ignored with utf8 based engines.







[36]

Package inputenc Warning: inputenc package ignored with utf8 based engines.


Package inputenc Warning: inputenc package ignored with utf8 based engines.


Package inputenc Warning: inputenc package ignored with utf8 based engines.


Package inputenc Warning: inputenc package ignored with utf8 based engines.


Package inputenc Warning: inputenc package ignored with utf8 based engines.


Package inputenc Warning: inputenc package ignored with utf8 based engines.







[37]

Package inputenc Warning: inputenc package ignored with utf8 based engines.







[38]

Package inputenc Warning: inputenc package ignored with utf8 based engines.


Package inputenc Warning: inputenc package ignored with utf8 based engines.


Package inputenc Warning: inputenc package ignored with utf8 based engines.







[39]

Package inputenc Warning: inputenc package ignored with utf8 based engines.


Package inputenc Warning: inputenc package ignored with utf8 based engines.







[40]

Package inputenc Warning: inputenc package ignored with utf8 based engines.


Package inputenc Warning: inputenc package ignored with utf8 based engines.


Package inputenc Warning: inputenc package ignored with utf8 based engines.







[41]

Package inputenc Warning: inputenc package ignored with utf8 based engines.


Package inputenc Warning: inputenc package ignored with utf8 based engines.


Package inputenc Warning: inputenc package ignored with utf8 based engines.







[42]

Package inputenc Warning: inputenc package ignored with utf8 based engines.


Package inputenc Warning: inputenc package ignored with utf8 based engines.


Package inputenc Warning: inputenc package ignored with utf8 based engines.







[43]

Package inputenc Warning: inputenc package ignored with utf8 based engines.







[44]

Package inputenc Warning: inputenc package ignored with utf8 based engines.


Package inputenc Warning: inputenc package ignored with utf8 based engines.


Package inputenc Warning: inputenc package ignored with utf8 based engines.







[45]

Package inputenc Warning: inputenc package ignored with utf8 based engines.


Package inputenc Warning: inputenc package ignored with utf8 based engines.







[46]

Package inputenc Warning: inputenc package ignored with utf8 based engines.


Package inputenc Warning: inputenc package ignored with utf8 based engines.


Package inputenc Warning: inputenc package ignored with utf8 based engines.







[47]

Package inputenc Warning: inputenc package ignored with utf8 based engines.







[48]





[49]

Package inputenc Warning: inputenc package ignored with utf8 based engines.


Package inputenc Warning: inputenc package ignored with utf8 based engines.







[50]

Package inputenc Warning: inputenc package ignored with utf8 based engines.


Package inputenc Warning: inputenc package ignored with utf8 based engines.







[51]

Package inputenc Warning: inputenc package ignored with utf8 based engines.







[52]

Package inputenc Warning: inputenc package ignored with utf8 based engines.


Package inputenc Warning: inputenc package ignored with utf8 based engines.







[53]

Package inputenc Warning: inputenc package ignored with utf8 based engines.


Package inputenc Warning: inputenc package ignored with utf8 based engines.


Package inputenc Warning: inputenc package ignored with utf8 based engines.







[54]

Package inputenc Warning: inputenc package ignored with utf8 based engines.


Package inputenc Warning: inputenc package ignored with utf8 based engines.


Package inputenc Warning: inputenc package ignored with utf8 based engines.







[55]

Package inputenc Warning: inputenc package ignored with utf8 based engines.


Package inputenc Warning: inputenc package ignored with utf8 based engines.


Package inputenc Warning: inputenc package ignored with utf8 based engines.







[56]

Package inputenc Warning: inputenc package ignored with utf8 based engines.


Package inputenc Warning: inputenc package ignored with utf8 based engines.







[57]

Package inputenc Warning: inputenc package ignored with utf8 based engines.







[58]

Package inputenc Warning: inputenc package ignored with utf8 based engines.


Package inputenc Warning: inputenc package ignored with utf8 based engines.







[59]

Package inputenc Warning: inputenc package ignored with utf8 based engines.


Package inputenc Warning: inputenc package ignored with utf8 based engines.


Package inputenc Warning: inputenc package ignored with utf8 based engines.







[60]

Package inputenc Warning: inputenc package ignored with utf8 based engines.


Package inputenc Warning: inputenc package ignored with utf8 based engines.


Package inputenc Warning: inputenc package ignored with utf8 based engines.


Package inputenc Warning: inputenc package ignored with utf8 based engines.







[61]

Package inputenc Warning: inputenc package ignored with utf8 based engines.


Package inputenc Warning: inputenc package ignored with utf8 based engines.


Package inputenc Warning: inputenc package ignored with utf8 based engines.







[62]

Package inputenc Warning: inputenc package ignored with utf8 based engines.


Package hyperref Warning: Token not allowed in a PDF string (Unicode):
(hyperref)                removing `math shift' on input line 8790.


Package hyperref Warning: Token not allowed in a PDF string (Unicode):
(hyperref)                removing `\mkern' on input line 8790.


Package hyperref Warning: Token not allowed in a PDF string (Unicode):
(hyperref)                removing `\operator@font' on input line 8790.


Package hyperref Warning: Token not allowed in a PDF string (Unicode):
(hyperref)                removing `\leavevmode@ifvmode' on input line 8790.


Package hyperref Warning: Token not allowed in a PDF string (Unicode):
(hyperref)                \kern 1.66702pt
(hyperref)                removed on input line 8790.


Package hyperref Warning: Token not allowed in a PDF string (Unicode):
(hyperref)                removing `\leavevmode@ifvmode' on input line 8790.


Package hyperref Warning: Token not allowed in a PDF string (Unicode):
(hyperref)                \kern 1.66702pt
(hyperref)                removed on input line 8790.


Package hyperref Warning: Token not allowed in a PDF string (Unicode):
(hyperref)                removing `math shift' on input line 8790.


Package inputenc Warning: inputenc package ignored with utf8 based engines.


Package inputenc Warning: inputenc package ignored with utf8 based engines.


Package inputenc Warning: inputenc package ignored with utf8 based engines.


Package inputenc Warning: inputenc package ignored with utf8 based engines.







[63]

Package inputenc Warning: inputenc package ignored with utf8 based engines.


Package inputenc Warning: inputenc package ignored with utf8 based engines.


Package inputenc Warning: inputenc package ignored with utf8 based engines.







[64]

Package inputenc Warning: inputenc package ignored with utf8 based engines.


Package inputenc Warning: inputenc package ignored with utf8 based engines.


Package inputenc Warning: inputenc package ignored with utf8 based engines.


Package inputenc Warning: inputenc package ignored with utf8 based engines.







[65]

Package inputenc Warning: inputenc package ignored with utf8 based engines.


Package inputenc Warning: inputenc package ignored with utf8 based engines.


Package inputenc Warning: inputenc package ignored with utf8 based engines.


Package inputenc Warning: inputenc package ignored with utf8 based engines.







[66]

Package inputenc Warning: inputenc package ignored with utf8 based engines.







[67]

Package inputenc Warning: inputenc package ignored with utf8 based engines.







[68]





[69]





[70]

Package inputenc Warning: inputenc package ignored with utf8 based engines.







[71]

Package inputenc Warning: inputenc package ignored with utf8 based engines.







[72]

Package inputenc Warning: inputenc package ignored with utf8 based engines.







[73]

Package inputenc Warning: inputenc package ignored with utf8 based engines.







[74]





[75]





[76]

Package inputenc Warning: inputenc package ignored with utf8 based engines.


Package inputenc Warning: inputenc package ignored with utf8 based engines.







[77]

Package inputenc Warning: inputenc package ignored with utf8 based engines.







[78]





[79]

Package inputenc Warning: inputenc package ignored with utf8 based engines.


Package inputenc Warning: inputenc package ignored with utf8 based engines.







[80]

Package inputenc Warning: inputenc package ignored with utf8 based engines.







[81]

Package inputenc Warning: inputenc package ignored with utf8 based engines.







[82]

Package inputenc Warning: inputenc package ignored with utf8 based engines.


Package inputenc Warning: inputenc package ignored with utf8 based engines.


Package inputenc Warning: inputenc package ignored with utf8 based engines.


Package inputenc Warning: inputenc package ignored with utf8 based engines.


Package inputenc Warning: inputenc package ignored with utf8 based engines.







[83]

Package inputenc Warning: inputenc package ignored with utf8 based engines.


Package inputenc Warning: inputenc package ignored with utf8 based engines.


Package inputenc Warning: inputenc package ignored with utf8 based engines.


Package inputenc Warning: inputenc package ignored with utf8 based engines.







[84]

Package inputenc Warning: inputenc package ignored with utf8 based engines.


Package hyperref Warning: Token not allowed in a PDF string (Unicode):
(hyperref)                removing `math shift' on input line 11890.


Package hyperref Warning: Token not allowed in a PDF string (Unicode):
(hyperref)                removing `superscript' on input line 11890.


Package hyperref Warning: Token not allowed in a PDF string (Unicode):
(hyperref)                removing `math shift' on input line 11890.


Package inputenc Warning: inputenc package ignored with utf8 based engines.







[85]

Package inputenc Warning: inputenc package ignored with utf8 based engines.


Package inputenc Warning: inputenc package ignored with utf8 based engines.


Package inputenc Warning: inputenc package ignored with utf8 based engines.







[86]

Package inputenc Warning: inputenc package ignored with utf8 based engines.


Package inputenc Warning: inputenc package ignored with utf8 based engines.


Package inputenc Warning: inputenc package ignored with utf8 based engines.


Package inputenc Warning: inputenc package ignored with utf8 based engines.







[87]





[88]

Package inputenc Warning: inputenc package ignored with utf8 based engines.







[89]

Package inputenc Warning: inputenc package ignored with utf8 based engines.







[90]

Package inputenc Warning: inputenc package ignored with utf8 based engines.







[91]

Package inputenc Warning: inputenc package ignored with utf8 based engines.


Package inputenc Warning: inputenc package ignored with utf8 based engines.







[92]





[93]







[94] (./notebook.aux)
 ***********
LaTeX2e <2025-06-01> patch level 1
L3 programming layer <2025-06-09>
 ***********


LaTeX Font Warning: Some font shapes were not available, defaults substituted.

Package rerunfilecheck Info: File `notebook.out' has not changed.
(rerunfilecheck)             Checksum: 79AFE2596ABC10268CA1FB7D0C9A7A01;34876.
)

Here is how much of LuaTeX's memory you used:
 33949 strings out of 470207
 2843025,1373583 words of node,token memory allocated
 694 words of node memory still in use:
   8 hlist, 2 vlist, 2 rule, 2 glue, 4 kern, 2 glyph, 50 attribute, 63 glue_spec
, 27 attribute_list, 1 write nodes
   avail lists: 1:1,2:32953,3:986,4:2504,5:46129,6:302,7:203323,8:39,9:93245,10:
70,11:4935
 51965 multiletter control sequences out of 65536+600000
 78 fonts using 24354751 bytes
 74i,8n,77p,422b,1205s stack positions out of 10000i,1000n,20000p,200000b,200000s
</nix/store/swxn2kgfg47a8r0igh45r51c7x3mk92s-lm-2.005-tex/fonts/opentype/public/
lm/lmroman10-italic.otf></nix/store/0dhipjmrsfh869scr5hy6q33imicvfp6-lm-math-1.9
59-tex/fonts/opentype/public/lm-math/latinmodern-math.otf></nix/store/sri66ckjh7
k70416m76rl2madmz43771-texlive-2025-env-texmfdist/fonts/truetype/public/dejavu/D
ejaVuSansMono.ttf></nix/store/0dhipjmrsfh869scr5hy6q33imicvfp6-lm-math-1.959-tex
/fonts/opentype/public/lm-math/latinmodern-math.otf></nix/store/0dhipjmrsfh869sc
r5hy6q33imicvfp6-lm-math-1.959-tex/fonts/opentype/public/lm-math/latinmodern-mat
h.otf></nix/store/swxn2kgfg47a8r0igh45r51c7x3mk92s-lm-2.005-tex/fonts/opentype/p
ublic/lm/lmroman10-regular.otf></nix/store/swxn2kgfg47a8r0igh45r51c7x3mk92s-lm-2
.005-tex/fonts/opentype/public/lm/lmroman10-bold.otf></nix/store/swxn2kgfg47a8r0
igh45r51c7x3mk92s-lm-2.005-tex/fonts/opentype/public/lm/lmroman12-bold.otf></nix
/store/swxn2kgfg47a8r0igh45r51c7x3mk92s-lm-2.005-tex/fonts/opentype/public/lm/lm
roman12-regular.otf></nix/store/swxn2kgfg47a8r0igh45r51c7x3mk92s-lm-2.005-tex/fo
nts/opentype/public/lm/lmroman17-regular.otf>
Output written on notebook.pdf (95 pages, 704305 bytes).

PDF statistics: 11566 PDF objects out of 12825 (max. 8388607)
 11325 compressed objects within 114 object streams
 9927 named destinations out of 10688 (max. 131072)
 1657 words of extra memory for PDF output out of 10000 (max. 100000000)

