This is LuaHBTeX, Version 1.17.0 (TeX Live 2023/nixos.org)  (format=lualatex 1980.1.1)  19 SEP 2024 12:38
 restricted system commands enabled.
**theoretical.tex
(./theoretical.tex
LaTeX2e <2023-11-01> patch level 1
L3 programming layer <2024-02-20>
Lua module: luaotfload 2024-02-14 3.28 Lua based OpenType font support
Lua module: lualibs 2023-07-13 2.76 ConTeXt Lua standard libraries.
Lua module: lualibs-extended 2023-07-13 2.76 ConTeXt Lua libraries -- extended c
ollection.
luaotfload | conf : Root cache directory is "/home/iagorrr/.texlive2023/texmf-va
r/luatex-cache/generic/names".
luaotfload | init : Loading fontloader "fontloader-2023-12-28.lua" from kpse-res
olved path "/nix/store/vxkzh9wc3f38n6yj9ryf76wk5wf9rak0-texlive-2023-env-texmfdi
st/tex/luatex/luaotfload/fontloader-2023-12-28.lua".
Lua-only attribute luaotfload@noligature = 1
luaotfload | init : Context OpenType loader version 3.134
Inserting `luaotfload.node_processor' in `pre_linebreak_filter'.
Inserting `luaotfload.node_processor' in `hpack_filter'.
Inserting `luaotfload.glyph_stream' in `glyph_stream_provider'.
Inserting `luaotfload.define_font' in `define_font'.
Lua-only attribute luaotfload_color_attribute = 2
luaotfload | conf : Root cache directory is "/home/iagorrr/.texlive2023/texmf-va
r/luatex-cache/generic/names".
Inserting `luaotfload.harf.strip_prefix' in `find_opentype_file'.
Inserting `luaotfload.harf.strip_prefix' in `find_truetype_file'.
Removing  `luaotfload.glyph_stream' from `glyph_stream_provider'.
Inserting `luaotfload.harf.glyphstream' in `glyph_stream_provider'.
Inserting `luaotfload.harf.finalize_vlist' in `post_linebreak_filter'.
Inserting `luaotfload.harf.finalize_hlist' in `hpack_filter'.
Inserting `luaotfload.cleanup_files' in `wrapup_run'.
Inserting `luaotfload.harf.finalize_unicode' in `finish_pdffile'.
Inserting `luaotfload.glyphinfo' in `glyph_info'.
Lua-only attribute luaotfload.letterspace_done = 3
Inserting `luaotfload.aux.set_sscale_dimens' in `luaotfload.patch_font'.
Inserting `luaotfload.aux.set_font_index' in `luaotfload.patch_font'.
Inserting `luaotfload.aux.patch_cambria_domh' in `luaotfload.patch_font'.
Inserting `luaotfload.aux.fixup_fontdata' in `luaotfload.patch_font_unsafe'.
Inserting `luaotfload.aux.set_capheight' in `luaotfload.patch_font'.
Inserting `luaotfload.aux.set_xheight' in `luaotfload.patch_font'.
Inserting `luaotfload.rewrite_fontname' in `luaotfload.patch_font'.
Inserting `tracingstacklevels' in `input_level_string'. (./config.tex
(/nix/store/vxkzh9wc3f38n6yj9ryf76wk5wf9rak0-texlive-2023-env-texmfdist/tex/lat
ex/base/article.cls
Document Class: article 2023/05/17 v1.4n Standard LaTeX document class

(/nix/store/vxkzh9wc3f38n6yj9ryf76wk5wf9rak0-texlive-2023-env-texmfdist/tex/lat
ex/base/size10.clo
File: size10.clo 2023/05/17 v1.4n Standard LaTeX file (size option)
luaotfload | db : Font names database loaded from /home/iagorrr/.texlive2023/tex
mf-var/luatex-cache/generic/names/luaotfload-names.luc.gz)
\c@part=\count186
\c@section=\count187
\c@subsection=\count188
\c@subsubsection=\count189
\c@paragraph=\count190
\c@subparagraph=\count191
\c@figure=\count192
\c@table=\count193
\abovecaptionskip=\skip48
\belowcaptionskip=\skip49
\bibindent=\dimen139
)
(/nix/store/vxkzh9wc3f38n6yj9ryf76wk5wf9rak0-texlive-2023-env-texmfdist/tex/lat
ex/base/inputenc.sty
Package: inputenc 2021/02/14 v1.3d Input encoding file
\inpenc@prehook=\toks17
\inpenc@posthook=\toks18


Package inputenc Warning: inputenc package ignored with utf8 based engines.

)
(/nix/store/vxkzh9wc3f38n6yj9ryf76wk5wf9rak0-texlive-2023-env-texmfdist/tex/gen
eric/babel/babel.sty
Package: babel 2024/02/07 v24.2 The Babel package

(/nix/store/vxkzh9wc3f38n6yj9ryf76wk5wf9rak0-texlive-2023-env-texmfdist/tex/gen
eric/babel/luababel.def
\bbl@readstream=\read2
\l@dumylang=\language2
Package babel Info: Non-standard hyphenation setup on input line 118.
\l@nohyphenation=\language3
\l@vietnamese=\language4
\l@hebrew=\language5
\l@german-x-2023-03-06=\language6
\l@ngerman-x-2023-03-06=\language7
\l@afrikaans=\language8
\l@ancientgreek=\language9
\l@ibycus=\language10
\l@arabic=\language11
\l@armenian=\language12
\l@basque=\language13
\l@belarusian=\language14
\l@bulgarian=\language15
\l@catalan=\language16
\l@pinyin=\language17
\l@churchslavonic=\language18
\l@coptic=\language19
\l@croatian=\language20
\l@czech=\language21
\l@danish=\language22
\l@dutch=\language23
\l@ukenglish=\language24
\l@usenglishmax=\language25
\l@esperanto=\language26
\l@estonian=\language27
\l@ethiopic=\language28
\l@farsi=\language29
\l@finnish=\language30
\l@schoolfinnish=\language31
\l@french=\language32
\l@friulan=\language33
\l@galician=\language34
\l@georgian=\language35
\l@german=\language36
\l@ngerman=\language37
\l@swissgerman=\language38
\l@greek=\language39
\l@monogreek=\language40
\l@hungarian=\language41
\l@icelandic=\language42
\l@assamese=\language43
\l@bengali=\language44
\l@gujarati=\language45
\l@hindi=\language46
\l@kannada=\language47
\l@malayalam=\language48
\l@marathi=\language49
\l@oriya=\language50
\l@pali=\language51
\l@panjabi=\language52
\l@tamil=\language53
\l@telugu=\language54
\l@indonesian=\language55
\l@interlingua=\language56
\l@irish=\language57
\l@italian=\language58
\l@kurmanji=\language59
\l@classiclatin=\language60
\l@latin=\language61
\l@liturgicallatin=\language62
\l@latvian=\language63
\l@lithuanian=\language64
\l@macedonian=\language65
\l@mongolian=\language66
\l@mongolianlmc=\language67
\l@bokmal=\language68
\l@nynorsk=\language69
\l@occitan=\language70
\l@piedmontese=\language71
\l@polish=\language72
\l@portuguese=\language73
\l@romanian=\language74
\l@romansh=\language75
\l@russian=\language76
\l@sanskrit=\language77
\l@serbian=\language78
\l@serbianc=\language79
\l@slovak=\language80
\l@slovenian=\language81
\l@spanish=\language82
\l@swedish=\language83
\l@thai=\language84
\l@turkish=\language85
\l@turkmen=\language86
\l@ukrainian=\language87
\l@uppersorbian=\language88
\l@welsh=\language89
\babelcatcodetablenum=\catcodetable14
\bbl@pattcodes=\catcodetable15
)
\babel@savecnt=\count194
\U@D=\dimen140
\l@unhyphenated=\language90

(/nix/store/vxkzh9wc3f38n6yj9ryf76wk5wf9rak0-texlive-2023-env-texmfdist/tex/gen
eric/babel/luababel.def
\bbl@attr@locale=\attribute4
)
(/nix/store/vxkzh9wc3f38n6yj9ryf76wk5wf9rak0-texlive-2023-env-texmfdist/tex/gen
eric/babel-english/english.ldf
Language: english 2017/06/06 v3.3r English support from the babel system
Package babel Info: Hyphen rules for 'canadian' set to \l@english
(babel)             (\language0). Reported on input line 102.
Package babel Info: Hyphen rules for 'australian' set to \l@ukenglish
(babel)             (\language24). Reported on input line 105.
Package babel Info: Hyphen rules for 'newzealand' set to \l@ukenglish
(babel)             (\language24). Reported on input line 108.
))
(/nix/store/vxkzh9wc3f38n6yj9ryf76wk5wf9rak0-texlive-2023-env-texmfdist/tex/gen
eric/babel/locale/en/babel-english.tex
Package babel Info: Importing font and identification data for english
(babel)             from babel-en.ini. Reported on input line 11.
)
(/nix/store/vxkzh9wc3f38n6yj9ryf76wk5wf9rak0-texlive-2023-env-texmfdist/tex/lat
ex/graphics/lscape.sty
Package: lscape 2020/05/28 v3.02 Landscape Pages (DPC)

(/nix/store/vxkzh9wc3f38n6yj9ryf76wk5wf9rak0-texlive-2023-env-texmfdist/tex/lat
ex/graphics/graphics.sty
Package: graphics 2022/03/10 v1.4e Standard LaTeX Graphics (DPC,SPQR)

(/nix/store/vxkzh9wc3f38n6yj9ryf76wk5wf9rak0-texlive-2023-env-texmfdist/tex/lat
ex/graphics/trig.sty
Package: trig 2021/08/11 v1.11 sin cos tan (DPC)
)
(/nix/store/vxkzh9wc3f38n6yj9ryf76wk5wf9rak0-texlive-2023-env-texmfdist/tex/lat
ex/graphics-cfg/graphics.cfg
File: graphics.cfg 2016/06/04 v1.11 sample graphics configuration
)
Package graphics Info: Driver file: luatex.def on input line 107.

(/nix/store/vxkzh9wc3f38n6yj9ryf76wk5wf9rak0-texlive-2023-env-texmfdist/tex/lat
ex/graphics-def/luatex.def
File: luatex.def 2022/09/22 v1.2d Graphics/color driver for luatex
)))
(/nix/store/vxkzh9wc3f38n6yj9ryf76wk5wf9rak0-texlive-2023-env-texmfdist/tex/lat
ex/pgf/frontendlayer/tikz.sty
(/nix/store/vxkzh9wc3f38n6yj9ryf76wk5wf9rak0-texlive-2023-env-texmfdist/tex/lat
ex/pgf/basiclayer/pgf.sty
(/nix/store/vxkzh9wc3f38n6yj9ryf76wk5wf9rak0-texlive-2023-env-texmfdist/tex/lat
ex/pgf/utilities/pgfrcs.sty
(/nix/store/vxkzh9wc3f38n6yj9ryf76wk5wf9rak0-texlive-2023-env-texmfdist/tex/gen
eric/pgf/utilities/pgfutil-common.tex
\pgfutil@everybye=\toks19
\pgfutil@tempdima=\dimen141
\pgfutil@tempdimb=\dimen142
)
(/nix/store/vxkzh9wc3f38n6yj9ryf76wk5wf9rak0-texlive-2023-env-texmfdist/tex/gen
eric/pgf/utilities/pgfutil-latex.def
\pgfutil@abb=\box51
)
(/nix/store/vxkzh9wc3f38n6yj9ryf76wk5wf9rak0-texlive-2023-env-texmfdist/tex/gen
eric/pgf/utilities/pgfrcs.code.tex
(/nix/store/vxkzh9wc3f38n6yj9ryf76wk5wf9rak0-texlive-2023-env-texmfdist/tex/gen
eric/pgf/pgf.revision.tex)
Package: pgfrcs 2023-01-15 v3.1.10 (3.1.10)
))
Package: pgf 2023-01-15 v3.1.10 (3.1.10)

(/nix/store/vxkzh9wc3f38n6yj9ryf76wk5wf9rak0-texlive-2023-env-texmfdist/tex/lat
ex/pgf/basiclayer/pgfcore.sty
(/nix/store/vxkzh9wc3f38n6yj9ryf76wk5wf9rak0-texlive-2023-env-texmfdist/tex/lat
ex/graphics/graphicx.sty
Package: graphicx 2021/09/16 v1.2d Enhanced LaTeX Graphics (DPC,SPQR)

(/nix/store/vxkzh9wc3f38n6yj9ryf76wk5wf9rak0-texlive-2023-env-texmfdist/tex/lat
ex/graphics/keyval.sty
Package: keyval 2022/05/29 v1.15 key=value parser (DPC)
\KV@toks@=\toks20
)
\Gin@req@height=\dimen143
\Gin@req@width=\dimen144
)
(/nix/store/vxkzh9wc3f38n6yj9ryf76wk5wf9rak0-texlive-2023-env-texmfdist/tex/lat
ex/pgf/systemlayer/pgfsys.sty
(/nix/store/vxkzh9wc3f38n6yj9ryf76wk5wf9rak0-texlive-2023-env-texmfdist/tex/gen
eric/pgf/systemlayer/pgfsys.code.tex
Package: pgfsys 2023-01-15 v3.1.10 (3.1.10)

(/nix/store/vxkzh9wc3f38n6yj9ryf76wk5wf9rak0-texlive-2023-env-texmfdist/tex/gen
eric/pgf/utilities/pgfkeys.code.tex
\pgfkeys@pathtoks=\toks21
\pgfkeys@temptoks=\toks22

(/nix/store/vxkzh9wc3f38n6yj9ryf76wk5wf9rak0-texlive-2023-env-texmfdist/tex/gen
eric/pgf/utilities/pgfkeyslibraryfiltered.code.tex
\pgfkeys@tmptoks=\toks23
))
\pgf@x=\dimen145
\pgf@y=\dimen146
\pgf@xa=\dimen147
\pgf@ya=\dimen148
\pgf@xb=\dimen149
\pgf@yb=\dimen150
\pgf@xc=\dimen151
\pgf@yc=\dimen152
\pgf@xd=\dimen153
\pgf@yd=\dimen154
\w@pgf@writea=\write3
\r@pgf@reada=\read3
\c@pgf@counta=\count195
\c@pgf@countb=\count196
\c@pgf@countc=\count197
\c@pgf@countd=\count198
\t@pgf@toka=\toks24
\t@pgf@tokb=\toks25
\t@pgf@tokc=\toks26
\pgf@sys@id@count=\count199

(/nix/store/vxkzh9wc3f38n6yj9ryf76wk5wf9rak0-texlive-2023-env-texmfdist/tex/gen
eric/pgf/systemlayer/pgf.cfg
File: pgf.cfg 2023-01-15 v3.1.10 (3.1.10)
)
Driver file for pgf: pgfsys-luatex.def

(/nix/store/vxkzh9wc3f38n6yj9ryf76wk5wf9rak0-texlive-2023-env-texmfdist/tex/gen
eric/pgf/systemlayer/pgfsys-luatex.def
File: pgfsys-luatex.def 2023-01-15 v3.1.10 (3.1.10)

(/nix/store/vxkzh9wc3f38n6yj9ryf76wk5wf9rak0-texlive-2023-env-texmfdist/tex/gen
eric/pgf/systemlayer/pgfsys-common-pdf.def
File: pgfsys-common-pdf.def 2023-01-15 v3.1.10 (3.1.10)
)))
(/nix/store/vxkzh9wc3f38n6yj9ryf76wk5wf9rak0-texlive-2023-env-texmfdist/tex/gen
eric/pgf/systemlayer/pgfsyssoftpath.code.tex
File: pgfsyssoftpath.code.tex 2023-01-15 v3.1.10 (3.1.10)
\pgfsyssoftpath@smallbuffer@items=\count266
\pgfsyssoftpath@bigbuffer@items=\count267
)
(/nix/store/vxkzh9wc3f38n6yj9ryf76wk5wf9rak0-texlive-2023-env-texmfdist/tex/gen
eric/pgf/systemlayer/pgfsysprotocol.code.tex
File: pgfsysprotocol.code.tex 2023-01-15 v3.1.10 (3.1.10)
))
(/nix/store/vxkzh9wc3f38n6yj9ryf76wk5wf9rak0-texlive-2023-env-texmfdist/tex/lat
ex/xcolor/xcolor.sty
Package: xcolor 2023/11/15 v3.01 LaTeX color extensions (UK)

(/nix/store/vxkzh9wc3f38n6yj9ryf76wk5wf9rak0-texlive-2023-env-texmfdist/tex/lat
ex/graphics-cfg/color.cfg
File: color.cfg 2016/01/02 v1.6 sample color configuration
)
Package xcolor Info: Driver file: luatex.def on input line 274.

(/nix/store/vxkzh9wc3f38n6yj9ryf76wk5wf9rak0-texlive-2023-env-texmfdist/tex/lat
ex/graphics/mathcolor.ltx)
Package xcolor Info: Model `cmy' substituted by `cmy0' on input line 1350.
Package xcolor Info: Model `hsb' substituted by `rgb' on input line 1354.
Package xcolor Info: Model `RGB' extended on input line 1366.
Package xcolor Info: Model `HTML' substituted by `rgb' on input line 1368.
Package xcolor Info: Model `Hsb' substituted by `hsb' on input line 1369.
Package xcolor Info: Model `tHsb' substituted by `hsb' on input line 1370.
Package xcolor Info: Model `HSB' substituted by `hsb' on input line 1371.
Package xcolor Info: Model `Gray' substituted by `gray' on input line 1372.
Package xcolor Info: Model `wave' substituted by `hsb' on input line 1373.
)
(/nix/store/vxkzh9wc3f38n6yj9ryf76wk5wf9rak0-texlive-2023-env-texmfdist/tex/gen
eric/pgf/basiclayer/pgfcore.code.tex
Package: pgfcore 2023-01-15 v3.1.10 (3.1.10)

(/nix/store/vxkzh9wc3f38n6yj9ryf76wk5wf9rak0-texlive-2023-env-texmfdist/tex/gen
eric/pgf/math/pgfmath.code.tex
(/nix/store/vxkzh9wc3f38n6yj9ryf76wk5wf9rak0-texlive-2023-env-texmfdist/tex/gen
eric/pgf/math/pgfmathutil.code.tex)
(/nix/store/vxkzh9wc3f38n6yj9ryf76wk5wf9rak0-texlive-2023-env-texmfdist/tex/gen
eric/pgf/math/pgfmathparser.code.tex
\pgfmath@dimen=\dimen155
\pgfmath@count=\count268
\pgfmath@box=\box52
\pgfmath@toks=\toks27
\pgfmath@stack@operand=\toks28
\pgfmath@stack@operation=\toks29
)
(/nix/store/vxkzh9wc3f38n6yj9ryf76wk5wf9rak0-texlive-2023-env-texmfdist/tex/gen
eric/pgf/math/pgfmathfunctions.code.tex)
(/nix/store/vxkzh9wc3f38n6yj9ryf76wk5wf9rak0-texlive-2023-env-texmfdist/tex/gen
eric/pgf/math/pgfmathfunctions.basic.code.tex)
(/nix/store/vxkzh9wc3f38n6yj9ryf76wk5wf9rak0-texlive-2023-env-texmfdist/tex/gen
eric/pgf/math/pgfmathfunctions.trigonometric.code.tex)
(/nix/store/vxkzh9wc3f38n6yj9ryf76wk5wf9rak0-texlive-2023-env-texmfdist/tex/gen
eric/pgf/math/pgfmathfunctions.random.code.tex)
(/nix/store/vxkzh9wc3f38n6yj9ryf76wk5wf9rak0-texlive-2023-env-texmfdist/tex/gen
eric/pgf/math/pgfmathfunctions.comparison.code.tex)
(/nix/store/vxkzh9wc3f38n6yj9ryf76wk5wf9rak0-texlive-2023-env-texmfdist/tex/gen
eric/pgf/math/pgfmathfunctions.base.code.tex)
(/nix/store/vxkzh9wc3f38n6yj9ryf76wk5wf9rak0-texlive-2023-env-texmfdist/tex/gen
eric/pgf/math/pgfmathfunctions.round.code.tex)
(/nix/store/vxkzh9wc3f38n6yj9ryf76wk5wf9rak0-texlive-2023-env-texmfdist/tex/gen
eric/pgf/math/pgfmathfunctions.misc.code.tex)
(/nix/store/vxkzh9wc3f38n6yj9ryf76wk5wf9rak0-texlive-2023-env-texmfdist/tex/gen
eric/pgf/math/pgfmathfunctions.integerarithmetics.code.tex)
(/nix/store/vxkzh9wc3f38n6yj9ryf76wk5wf9rak0-texlive-2023-env-texmfdist/tex/gen
eric/pgf/math/pgfmathcalc.code.tex)
(/nix/store/vxkzh9wc3f38n6yj9ryf76wk5wf9rak0-texlive-2023-env-texmfdist/tex/gen
eric/pgf/math/pgfmathfloat.code.tex
\c@pgfmathroundto@lastzeros=\count269
))
(/nix/store/vxkzh9wc3f38n6yj9ryf76wk5wf9rak0-texlive-2023-env-texmfdist/tex/gen
eric/pgf/math/pgfint.code.tex)
(/nix/store/vxkzh9wc3f38n6yj9ryf76wk5wf9rak0-texlive-2023-env-texmfdist/tex/gen
eric/pgf/basiclayer/pgfcorepoints.code.tex
File: pgfcorepoints.code.tex 2023-01-15 v3.1.10 (3.1.10)
\pgf@picminx=\dimen156
\pgf@picmaxx=\dimen157
\pgf@picminy=\dimen158
\pgf@picmaxy=\dimen159
\pgf@pathminx=\dimen160
\pgf@pathmaxx=\dimen161
\pgf@pathminy=\dimen162
\pgf@pathmaxy=\dimen163
\pgf@xx=\dimen164
\pgf@xy=\dimen165
\pgf@yx=\dimen166
\pgf@yy=\dimen167
\pgf@zx=\dimen168
\pgf@zy=\dimen169
)
(/nix/store/vxkzh9wc3f38n6yj9ryf76wk5wf9rak0-texlive-2023-env-texmfdist/tex/gen
eric/pgf/basiclayer/pgfcorepathconstruct.code.tex
File: pgfcorepathconstruct.code.tex 2023-01-15 v3.1.10 (3.1.10)
\pgf@path@lastx=\dimen170
\pgf@path@lasty=\dimen171
)
(/nix/store/vxkzh9wc3f38n6yj9ryf76wk5wf9rak0-texlive-2023-env-texmfdist/tex/gen
eric/pgf/basiclayer/pgfcorepathusage.code.tex
File: pgfcorepathusage.code.tex 2023-01-15 v3.1.10 (3.1.10)
\pgf@shorten@end@additional=\dimen172
\pgf@shorten@start@additional=\dimen173
)
(/nix/store/vxkzh9wc3f38n6yj9ryf76wk5wf9rak0-texlive-2023-env-texmfdist/tex/gen
eric/pgf/basiclayer/pgfcorescopes.code.tex
File: pgfcorescopes.code.tex 2023-01-15 v3.1.10 (3.1.10)
\pgfpic=\box53
\pgf@hbox=\box54
\pgf@layerbox@main=\box55
\pgf@picture@serial@count=\count270
)
(/nix/store/vxkzh9wc3f38n6yj9ryf76wk5wf9rak0-texlive-2023-env-texmfdist/tex/gen
eric/pgf/basiclayer/pgfcoregraphicstate.code.tex
File: pgfcoregraphicstate.code.tex 2023-01-15 v3.1.10 (3.1.10)
\pgflinewidth=\dimen174
)
(/nix/store/vxkzh9wc3f38n6yj9ryf76wk5wf9rak0-texlive-2023-env-texmfdist/tex/gen
eric/pgf/basiclayer/pgfcoretransformations.code.tex
File: pgfcoretransformations.code.tex 2023-01-15 v3.1.10 (3.1.10)
\pgf@pt@x=\dimen175
\pgf@pt@y=\dimen176
\pgf@pt@temp=\dimen177
)
(/nix/store/vxkzh9wc3f38n6yj9ryf76wk5wf9rak0-texlive-2023-env-texmfdist/tex/gen
eric/pgf/basiclayer/pgfcorequick.code.tex
File: pgfcorequick.code.tex 2023-01-15 v3.1.10 (3.1.10)
)
(/nix/store/vxkzh9wc3f38n6yj9ryf76wk5wf9rak0-texlive-2023-env-texmfdist/tex/gen
eric/pgf/basiclayer/pgfcoreobjects.code.tex
File: pgfcoreobjects.code.tex 2023-01-15 v3.1.10 (3.1.10)
)
(/nix/store/vxkzh9wc3f38n6yj9ryf76wk5wf9rak0-texlive-2023-env-texmfdist/tex/gen
eric/pgf/basiclayer/pgfcorepathprocessing.code.tex
File: pgfcorepathprocessing.code.tex 2023-01-15 v3.1.10 (3.1.10)
)
(/nix/store/vxkzh9wc3f38n6yj9ryf76wk5wf9rak0-texlive-2023-env-texmfdist/tex/gen
eric/pgf/basiclayer/pgfcorearrows.code.tex
File: pgfcorearrows.code.tex 2023-01-15 v3.1.10 (3.1.10)
\pgfarrowsep=\dimen178
)
(/nix/store/vxkzh9wc3f38n6yj9ryf76wk5wf9rak0-texlive-2023-env-texmfdist/tex/gen
eric/pgf/basiclayer/pgfcoreshade.code.tex
File: pgfcoreshade.code.tex 2023-01-15 v3.1.10 (3.1.10)
\pgf@max=\dimen179
\pgf@sys@shading@range@num=\count271
\pgf@shadingcount=\count272
)
(/nix/store/vxkzh9wc3f38n6yj9ryf76wk5wf9rak0-texlive-2023-env-texmfdist/tex/gen
eric/pgf/basiclayer/pgfcoreimage.code.tex
File: pgfcoreimage.code.tex 2023-01-15 v3.1.10 (3.1.10)
)
(/nix/store/vxkzh9wc3f38n6yj9ryf76wk5wf9rak0-texlive-2023-env-texmfdist/tex/gen
eric/pgf/basiclayer/pgfcoreexternal.code.tex
File: pgfcoreexternal.code.tex 2023-01-15 v3.1.10 (3.1.10)
\pgfexternal@startupbox=\box56
)
(/nix/store/vxkzh9wc3f38n6yj9ryf76wk5wf9rak0-texlive-2023-env-texmfdist/tex/gen
eric/pgf/basiclayer/pgfcorelayers.code.tex
File: pgfcorelayers.code.tex 2023-01-15 v3.1.10 (3.1.10)
)
(/nix/store/vxkzh9wc3f38n6yj9ryf76wk5wf9rak0-texlive-2023-env-texmfdist/tex/gen
eric/pgf/basiclayer/pgfcoretransparency.code.tex
File: pgfcoretransparency.code.tex 2023-01-15 v3.1.10 (3.1.10)
)
(/nix/store/vxkzh9wc3f38n6yj9ryf76wk5wf9rak0-texlive-2023-env-texmfdist/tex/gen
eric/pgf/basiclayer/pgfcorepatterns.code.tex
File: pgfcorepatterns.code.tex 2023-01-15 v3.1.10 (3.1.10)
)
(/nix/store/vxkzh9wc3f38n6yj9ryf76wk5wf9rak0-texlive-2023-env-texmfdist/tex/gen
eric/pgf/basiclayer/pgfcorerdf.code.tex
File: pgfcorerdf.code.tex 2023-01-15 v3.1.10 (3.1.10)
)))
(/nix/store/vxkzh9wc3f38n6yj9ryf76wk5wf9rak0-texlive-2023-env-texmfdist/tex/gen
eric/pgf/modules/pgfmoduleshapes.code.tex
File: pgfmoduleshapes.code.tex 2023-01-15 v3.1.10 (3.1.10)
\pgfnodeparttextbox=\box57
)
(/nix/store/vxkzh9wc3f38n6yj9ryf76wk5wf9rak0-texlive-2023-env-texmfdist/tex/gen
eric/pgf/modules/pgfmoduleplot.code.tex
File: pgfmoduleplot.code.tex 2023-01-15 v3.1.10 (3.1.10)
)
(/nix/store/vxkzh9wc3f38n6yj9ryf76wk5wf9rak0-texlive-2023-env-texmfdist/tex/lat
ex/pgf/compatibility/pgfcomp-version-0-65.sty
Package: pgfcomp-version-0-65 2023-01-15 v3.1.10 (3.1.10)
\pgf@nodesepstart=\dimen180
\pgf@nodesepend=\dimen181
)
(/nix/store/vxkzh9wc3f38n6yj9ryf76wk5wf9rak0-texlive-2023-env-texmfdist/tex/lat
ex/pgf/compatibility/pgfcomp-version-1-18.sty
Package: pgfcomp-version-1-18 2023-01-15 v3.1.10 (3.1.10)
))
(/nix/store/vxkzh9wc3f38n6yj9ryf76wk5wf9rak0-texlive-2023-env-texmfdist/tex/lat
ex/pgf/utilities/pgffor.sty
(/nix/store/vxkzh9wc3f38n6yj9ryf76wk5wf9rak0-texlive-2023-env-texmfdist/tex/lat
ex/pgf/utilities/pgfkeys.sty
(/nix/store/vxkzh9wc3f38n6yj9ryf76wk5wf9rak0-texlive-2023-env-texmfdist/tex/gen
eric/pgf/utilities/pgfkeys.code.tex))
(/nix/store/vxkzh9wc3f38n6yj9ryf76wk5wf9rak0-texlive-2023-env-texmfdist/tex/lat
ex/pgf/math/pgfmath.sty
(/nix/store/vxkzh9wc3f38n6yj9ryf76wk5wf9rak0-texlive-2023-env-texmfdist/tex/gen
eric/pgf/math/pgfmath.code.tex))
(/nix/store/vxkzh9wc3f38n6yj9ryf76wk5wf9rak0-texlive-2023-env-texmfdist/tex/gen
eric/pgf/utilities/pgffor.code.tex
Package: pgffor 2023-01-15 v3.1.10 (3.1.10)
\pgffor@iter=\dimen182
\pgffor@skip=\dimen183
\pgffor@stack=\toks30
\pgffor@toks=\toks31
))
(/nix/store/vxkzh9wc3f38n6yj9ryf76wk5wf9rak0-texlive-2023-env-texmfdist/tex/gen
eric/pgf/frontendlayer/tikz/tikz.code.tex
Package: tikz 2023-01-15 v3.1.10 (3.1.10)

(/nix/store/vxkzh9wc3f38n6yj9ryf76wk5wf9rak0-texlive-2023-env-texmfdist/tex/gen
eric/pgf/libraries/pgflibraryplothandlers.code.tex
File: pgflibraryplothandlers.code.tex 2023-01-15 v3.1.10 (3.1.10)
\pgf@plot@mark@count=\count273
\pgfplotmarksize=\dimen184
)
\tikz@lastx=\dimen185
\tikz@lasty=\dimen186
\tikz@lastxsaved=\dimen187
\tikz@lastysaved=\dimen188
\tikz@lastmovetox=\dimen189
\tikz@lastmovetoy=\dimen190
\tikzleveldistance=\dimen191
\tikzsiblingdistance=\dimen192
\tikz@figbox=\box58
\tikz@figbox@bg=\box59
\tikz@tempbox=\box60
\tikz@tempbox@bg=\box61
\tikztreelevel=\count274
\tikznumberofchildren=\count275
\tikznumberofcurrentchild=\count276
\tikz@fig@count=\count277

(/nix/store/vxkzh9wc3f38n6yj9ryf76wk5wf9rak0-texlive-2023-env-texmfdist/tex/gen
eric/pgf/modules/pgfmodulematrix.code.tex
File: pgfmodulematrix.code.tex 2023-01-15 v3.1.10 (3.1.10)
\pgfmatrixcurrentrow=\count278
\pgfmatrixcurrentcolumn=\count279
\pgf@matrix@numberofcolumns=\count280
)
\tikz@expandcount=\count281

(/nix/store/vxkzh9wc3f38n6yj9ryf76wk5wf9rak0-texlive-2023-env-texmfdist/tex/gen
eric/pgf/frontendlayer/tikz/libraries/tikzlibrarytopaths.code.tex
File: tikzlibrarytopaths.code.tex 2023-01-15 v3.1.10 (3.1.10)
)))
(/nix/store/vxkzh9wc3f38n6yj9ryf76wk5wf9rak0-texlive-2023-env-texmfdist/tex/lat
ex/base/fontenc.sty
Package: fontenc 2021/04/29 v2.0v Standard LaTeX package
LaTeX Font Info:    Trying to load font information for T1+lmr on input line 11
2.

(/nix/store/vxkzh9wc3f38n6yj9ryf76wk5wf9rak0-texlive-2023-env-texmfdist/tex/lat
ex/lm/t1lmr.fd
File: t1lmr.fd 2015/05/01 v1.6.1 Font defs for Latin Modern
))
(/nix/store/vxkzh9wc3f38n6yj9ryf76wk5wf9rak0-texlive-2023-env-texmfdist/tex/lat
ex/fancyhdr/fancyhdr.sty
Package: fancyhdr 2022/11/09 v4.1 Extensive control of page headers and footers

\f@nch@headwidth=\skip50
\f@nch@O@elh=\skip51
\f@nch@O@erh=\skip52
\f@nch@O@olh=\skip53
\f@nch@O@orh=\skip54
\f@nch@O@elf=\skip55
\f@nch@O@erf=\skip56
\f@nch@O@olf=\skip57
\f@nch@O@orf=\skip58
)
(/nix/store/vxkzh9wc3f38n6yj9ryf76wk5wf9rak0-texlive-2023-env-texmfdist/tex/lat
ex/graphics/rotating.sty
Package: rotating 2016/08/11 v2.16d rotated objects in LaTeX

(/nix/store/vxkzh9wc3f38n6yj9ryf76wk5wf9rak0-texlive-2023-env-texmfdist/tex/lat
ex/base/ifthen.sty
Package: ifthen 2022/04/13 v1.1d Standard LaTeX ifthen package (DPC)
)
\c@r@tfl@t=\count282
\rotFPtop=\skip59
\rotFPbot=\skip60
\rot@float@box=\box62
\rot@mess@toks=\toks32
)
(/nix/store/vxkzh9wc3f38n6yj9ryf76wk5wf9rak0-texlive-2023-env-texmfdist/tex/lat
ex/ragged2e/ragged2e.sty
Package: ragged2e 2023/06/22 v3.6 ragged2e Package
\CenteringLeftskip=\skip61
\RaggedLeftLeftskip=\skip62
\RaggedRightLeftskip=\skip63
\CenteringRightskip=\skip64
\RaggedLeftRightskip=\skip65
\RaggedRightRightskip=\skip66
\CenteringParfillskip=\skip67
\RaggedLeftParfillskip=\skip68
\RaggedRightParfillskip=\skip69
\JustifyingParfillskip=\skip70
\CenteringParindent=\skip71
\RaggedLeftParindent=\skip72
\RaggedRightParindent=\skip73
\JustifyingParindent=\skip74
)
(/nix/store/vxkzh9wc3f38n6yj9ryf76wk5wf9rak0-texlive-2023-env-texmfdist/tex/lat
ex/geometry/geometry.sty
Package: geometry 2020/01/02 v5.9 Page Geometry

(/nix/store/vxkzh9wc3f38n6yj9ryf76wk5wf9rak0-texlive-2023-env-texmfdist/tex/gen
eric/iftex/ifvtex.sty
Package: ifvtex 2019/10/25 v1.7 ifvtex legacy package. Use iftex instead.

(/nix/store/vxkzh9wc3f38n6yj9ryf76wk5wf9rak0-texlive-2023-env-texmfdist/tex/gen
eric/iftex/iftex.sty
Package: iftex 2022/02/03 v1.0f TeX engine tests
))
\Gm@cnth=\count283
\Gm@cntv=\count284
\c@Gm@tempcnt=\count285
\Gm@bindingoffset=\dimen193
\Gm@wd@mp=\dimen194
\Gm@odd@mp=\dimen195
\Gm@even@mp=\dimen196
\Gm@layoutwidth=\dimen197
\Gm@layoutheight=\dimen198
\Gm@layouthoffset=\dimen199
\Gm@layoutvoffset=\dimen256
\Gm@dimlist=\toks33
)
(/nix/store/vxkzh9wc3f38n6yj9ryf76wk5wf9rak0-texlive-2023-env-texmfdist/tex/lat
ex/blindtext/blindtext.sty
Package: blindtext 2012/01/06 V2.0 blindtext-Package

(/nix/store/vxkzh9wc3f38n6yj9ryf76wk5wf9rak0-texlive-2023-env-texmfdist/tex/lat
ex/tools/xspace.sty
Package: xspace 2014/10/28 v1.13 Space after command names (DPC,MH)
)
\c@blindtext=\count286
\c@Blindtext=\count287
\c@blind@countparstart=\count288
\blind@countxx=\count289
\blindtext@numBlindtext=\count290
\blind@countyy=\count291
\c@blindlist=\count292
\c@blindlistlevel=\count293
\c@blindlist@level=\count294
\blind@listitem=\count295
\c@blind@listcount=\count296
\c@blind@levelcount=\count297
\blind@mathformula=\count298
\blind@Mathformula=\count299
\c@blind@randomcount=\count300
\c@blind@randommax=\count301
\c@blind@pangramcount=\count302
\c@blind@pangrammax=\count303
)
(/nix/store/vxkzh9wc3f38n6yj9ryf76wk5wf9rak0-texlive-2023-env-texmfdist/tex/lat
ex/amsmath/amsmath.sty
Package: amsmath 2023/05/13 v2.17o AMS math features
\@mathmargin=\skip75

For additional information on amsmath, use the `?' option.

(/nix/store/vxkzh9wc3f38n6yj9ryf76wk5wf9rak0-texlive-2023-env-texmfdist/tex/lat
ex/amsmath/amstext.sty
Package: amstext 2021/08/26 v2.01 AMS text

(/nix/store/vxkzh9wc3f38n6yj9ryf76wk5wf9rak0-texlive-2023-env-texmfdist/tex/lat
ex/amsmath/amsgen.sty
File: amsgen.sty 1999/11/30 v2.0 generic functions
\@emptytoks=\toks34
\ex@=\dimen257
))
(/nix/store/vxkzh9wc3f38n6yj9ryf76wk5wf9rak0-texlive-2023-env-texmfdist/tex/lat
ex/amsmath/amsbsy.sty
Package: amsbsy 1999/11/29 v1.2d Bold Symbols
\pmbraise@=\dimen258
)
(/nix/store/vxkzh9wc3f38n6yj9ryf76wk5wf9rak0-texlive-2023-env-texmfdist/tex/lat
ex/amsmath/amsopn.sty
Package: amsopn 2022/04/08 v2.04 operator names
)
\inf@bad=\count304
LaTeX Info: Redefining \frac on input line 236.
\uproot@=\count305
\leftroot@=\count306
LaTeX Info: Redefining \overline on input line 399.
LaTeX Info: Redefining \colon on input line 410.
\classnum@=\count307
\DOTSCASE@=\count308
LaTeX Info: Redefining \ldots on input line 496.
LaTeX Info: Redefining \dots on input line 499.
LaTeX Info: Redefining \cdots on input line 620.
\Mathstrutbox@=\box63
\strutbox@=\box64
LaTeX Info: Redefining \big on input line 722.
LaTeX Info: Redefining \Big on input line 723.
LaTeX Info: Redefining \bigg on input line 724.
LaTeX Info: Redefining \Bigg on input line 725.
\big@size=\dimen259
LaTeX Font Info:    Redeclaring font encoding OML on input line 743.
LaTeX Font Info:    Redeclaring font encoding OMS on input line 744.
\macc@depth=\count309
LaTeX Info: Redefining \bmod on input line 905.
LaTeX Info: Redefining \pmod on input line 910.
LaTeX Info: Redefining \smash on input line 940.
LaTeX Info: Redefining \relbar on input line 970.
LaTeX Info: Redefining \Relbar on input line 971.
\c@MaxMatrixCols=\count310
\dotsspace@=\muskip16
\c@parentequation=\count311
\dspbrk@lvl=\count312
\tag@help=\toks35
\row@=\count313
\column@=\count314
\maxfields@=\count315
\andhelp@=\toks36
\eqnshift@=\dimen260
\alignsep@=\dimen261
\tagshift@=\dimen262
\tagwidth@=\dimen263
\totwidth@=\dimen264
\lineht@=\dimen265
\@envbody=\toks37
\multlinegap=\skip76
\multlinetaggap=\skip77
\mathdisplay@stack=\toks38
LaTeX Info: Redefining \[ on input line 2953.
LaTeX Info: Redefining \] on input line 2954.
)
(/nix/store/vxkzh9wc3f38n6yj9ryf76wk5wf9rak0-texlive-2023-env-texmfdist/tex/lat
ex/relsize/relsize.sty
Package: relsize 2013/03/29 ver 4.1
)
(/nix/store/vxkzh9wc3f38n6yj9ryf76wk5wf9rak0-texlive-2023-env-texmfdist/tex/lat
ex/float/float.sty
Package: float 2001/11/08 v1.3d Float enhancements (AL)
\c@float@type=\count316
\float@exts=\toks39
\float@box=\box65
\@float@everytoks=\toks40
\@floatcapt=\box66
)
(/nix/store/vxkzh9wc3f38n6yj9ryf76wk5wf9rak0-texlive-2023-env-texmfdist/tex/lat
ex/placeins/placeins.sty
Package: placeins 2005/04/18  v 2.2
)
(/nix/store/vxkzh9wc3f38n6yj9ryf76wk5wf9rak0-texlive-2023-env-texmfdist/tex/lat
ex/enumitem/enumitem.sty
Package: enumitem 2019/06/20 v3.9 Customized lists
\labelindent=\skip78
\enit@outerparindent=\dimen266
\enit@toks=\toks41
\enit@inbox=\box67
\enit@count@id=\count317
\enitdp@description=\count318
)
(/nix/store/vxkzh9wc3f38n6yj9ryf76wk5wf9rak0-texlive-2023-env-texmfdist/tex/lat
ex/booktabs/booktabs.sty
Package: booktabs 2020/01/12 v1.61803398 Publication quality tables
\heavyrulewidth=\dimen267
\lightrulewidth=\dimen268
\cmidrulewidth=\dimen269
\belowrulesep=\dimen270
\belowbottomsep=\dimen271
\aboverulesep=\dimen272
\abovetopsep=\dimen273
\cmidrulesep=\dimen274
\cmidrulekern=\dimen275
\defaultaddspace=\dimen276
\@cmidla=\count319
\@cmidlb=\count320
\@aboverulesep=\dimen277
\@belowrulesep=\dimen278
\@thisruleclass=\count321
\@lastruleclass=\count322
\@thisrulewidth=\dimen279
)
(/nix/store/vxkzh9wc3f38n6yj9ryf76wk5wf9rak0-texlive-2023-env-texmfdist/tex/lat
ex/tools/array.sty
Package: array 2023/10/16 v2.5g Tabular extension package (FMi)
\col@sep=\dimen280
\ar@mcellbox=\box68
\extrarowheight=\dimen281
\NC@list=\toks42
\extratabsurround=\skip79
\backup@length=\skip80
\ar@cellbox=\box69
)
(/nix/store/vxkzh9wc3f38n6yj9ryf76wk5wf9rak0-texlive-2023-env-texmfdist/tex/lat
ex/colortbl/colortbl.sty
Package: colortbl 2024/02/20 v1.0g Color table columns (DPC)
\everycr=\toks43
\minrowclearance=\skip81
\rownum=\count323
)
(/nix/store/vxkzh9wc3f38n6yj9ryf76wk5wf9rak0-texlive-2023-env-texmfdist/tex/lat
ex/tabu/tabu.sty
Package: tabu 2019/01/11 v2.9 - flexible LaTeX tabulars (FC+tabu-fixed)

(/nix/store/vxkzh9wc3f38n6yj9ryf76wk5wf9rak0-texlive-2023-env-texmfdist/tex/lat
ex/varwidth/varwidth.sty
Package: varwidth 2009/03/30 ver 0.92;  Variable-width minipages
\@vwid@box=\box70
\sift@deathcycles=\count324
\@vwid@loff=\dimen282
\@vwid@roff=\dimen283
)
\c@taburow=\count325
\tabu@nbcols=\count326
\tabu@cnt=\count327
\tabu@Xcol=\count328
\tabu@alloc=\count329
\tabu@nested=\count330
\tabu@target=\dimen284
\tabu@spreadtarget=\dimen285
\tabu@naturalX=\dimen286
\tabucolX=\dimen287
\tabu@Xsum=\dimen288
\extrarowdepth=\dimen289
\abovetabulinesep=\dimen290
\belowtabulinesep=\dimen291
\tabustrutrule=\dimen292
\tabu@thebody=\toks44
\tabu@footnotes=\toks45
\tabu@box=\box71
\tabu@arstrutbox=\box72
\tabu@hleads=\box73
\tabu@vleads=\box74
\tabu@cellskip=\skip82
)
(/nix/store/vxkzh9wc3f38n6yj9ryf76wk5wf9rak0-texlive-2023-env-texmfdist/tex/lat
ex/url/url.sty
\Urlmuskip=\muskip17
Package: url 2013/09/16  ver 3.4  Verb mode for urls, etc.
)
(/nix/store/vxkzh9wc3f38n6yj9ryf76wk5wf9rak0-texlive-2023-env-texmfdist/tex/lat
ex/base/textcomp.sty
Package: textcomp 2020/02/02 v2.0n Standard LaTeX package
)
(/nix/store/vxkzh9wc3f38n6yj9ryf76wk5wf9rak0-texlive-2023-env-texmfdist/tex/lat
ex/diagbox/diagbox.sty
Package: diagbox 2020/02/09 v2.3 Making table heads with diagonal lines

(/nix/store/vxkzh9wc3f38n6yj9ryf76wk5wf9rak0-texlive-2023-env-texmfdist/tex/lat
ex/pict2e/pict2e.sty
Package: pict2e 2020/09/30 v0.4b Improved picture commands (HjG,RN,JT)

(/nix/store/vxkzh9wc3f38n6yj9ryf76wk5wf9rak0-texlive-2023-env-texmfdist/tex/lat
ex/pict2e/pict2e.cfg
File: pict2e.cfg 2016/02/05 v0.1u pict2e configuration for teTeX/TeXLive
)
Package pict2e Info: Driver file: luatex.def on input line 112.
Package pict2e Info: Driver file for pict2e: p2e-luatex.def on input line 114.

(/nix/store/vxkzh9wc3f38n6yj9ryf76wk5wf9rak0-texlive-2023-env-texmfdist/tex/lat
ex/pict2e/p2e-luatex.def
File: p2e-luatex.def 2016/02/05 v0.1u Driver-dependant file (RN,HjG,JT)
)
\pIIe@GRAPH=\toks46
\@arclen=\dimen293
\@arcrad=\dimen294
\pIIe@tempdima=\dimen295
\pIIe@tempdimb=\dimen296
\pIIe@tempdimc=\dimen297
\pIIe@tempdimd=\dimen298
\pIIe@tempdime=\dimen299
\pIIe@tempdimf=\dimen300
)
(/nix/store/vxkzh9wc3f38n6yj9ryf76wk5wf9rak0-texlive-2023-env-texmfdist/tex/lat
ex/tools/calc.sty
Package: calc 2023/07/08 v4.3 Infix arithmetic (KKT,FJ)
\calc@Acount=\count331
\calc@Bcount=\count332
\calc@Adimen=\dimen301
\calc@Bdimen=\dimen302
\calc@Askip=\skip83
\calc@Bskip=\skip84
LaTeX Info: Redefining \setlength on input line 80.
LaTeX Info: Redefining \addtolength on input line 81.
\calc@Ccount=\count333
\calc@Cskip=\skip85
)
\diagbox@boxa=\box75
\diagbox@boxb=\box76
\diagbox@boxm=\box77
\diagbox@wd=\dimen303
\diagbox@ht=\dimen304
\diagbox@insepl=\dimen305
\diagbox@insepr=\dimen306
\diagbox@outsepl=\dimen307
\diagbox@outsepr=\dimen308
)
(/nix/store/vxkzh9wc3f38n6yj9ryf76wk5wf9rak0-texlive-2023-env-texmfdist/tex/lat
ex/caption/caption.sty
Package: caption 2023/08/05 v3.6o Customizing captions (AR)

(/nix/store/vxkzh9wc3f38n6yj9ryf76wk5wf9rak0-texlive-2023-env-texmfdist/tex/lat
ex/caption/caption3.sty
Package: caption3 2023/07/31 v2.4d caption3 kernel (AR)
\caption@tempdima=\dimen309
\captionmargin=\dimen310
\caption@leftmargin=\dimen311
\caption@rightmargin=\dimen312
\caption@width=\dimen313
\caption@indent=\dimen314
\caption@parindent=\dimen315
\caption@hangindent=\dimen316
Package caption Info: Standard document class detected.
)
\c@caption@flags=\count334
\c@continuedfloat=\count335
Package caption Info: float package is loaded.
Package caption Info: rotating package is loaded.
)
(/nix/store/vxkzh9wc3f38n6yj9ryf76wk5wf9rak0-texlive-2023-env-texmfdist/tex/lat
ex/amsfonts/amsfonts.sty
Package: amsfonts 2013/01/14 v3.01 Basic AMSFonts support
\symAMSa=\mathgroup4
\symAMSb=\mathgroup5
LaTeX Font Info:    Redeclaring math symbol \hbar on input line 98.
LaTeX Font Info:    Overwriting math alphabet `\mathfrak' in version `bold'
(Font)                  U/euf/m/n --> U/euf/b/n on input line 106.
)
(/nix/store/vxkzh9wc3f38n6yj9ryf76wk5wf9rak0-texlive-2023-env-texmfdist/tex/lat
ex/mathtools/mathtools.sty
Package: mathtools 2024/03/11 v1.30 mathematical typesetting tools

(/nix/store/vxkzh9wc3f38n6yj9ryf76wk5wf9rak0-texlive-2023-env-texmfdist/tex/lat
ex/mathtools/mhsetup.sty
Package: mhsetup 2021/03/18 v1.4 programming setup (MH)
)
\g_MT_multlinerow_int=\count336
\l_MT_multwidth_dim=\dimen317
\origjot=\skip86
\l_MT_shortvdotswithinadjustabove_dim=\dimen318
\l_MT_shortvdotswithinadjustbelow_dim=\dimen319
\l_MT_above_intertext_sep=\dimen320
\l_MT_below_intertext_sep=\dimen321
\l_MT_above_shortintertext_sep=\dimen322
\l_MT_below_shortintertext_sep=\dimen323
\xmathstrut@box=\box78
\xmathstrut@dim=\dimen324
)
(/nix/store/vxkzh9wc3f38n6yj9ryf76wk5wf9rak0-texlive-2023-env-texmfdist/tex/lat
ex/fontspec/fontspec.sty
(/nix/store/vxkzh9wc3f38n6yj9ryf76wk5wf9rak0-texlive-2023-env-texmfdist/tex/lat
ex/l3packages/xparse/xparse.sty
(/nix/store/vxkzh9wc3f38n6yj9ryf76wk5wf9rak0-texlive-2023-env-texmfdist/tex/lat
ex/l3kernel/expl3.sty
Package: expl3 2024-02-20 L3 programming layer (loader) 

(/nix/store/vxkzh9wc3f38n6yj9ryf76wk5wf9rak0-texlive-2023-env-texmfdist/tex/lat
ex/l3backend/l3backend-luatex.def
File: l3backend-luatex.def 2024-02-20 L3 backend support: PDF output (LuaTeX)
\l__color_backend_stack_int=\count337
Inserting `l3color' in `luaotfload.parse_color'.
\l__pdf_internal_box=\box79
))
Package: xparse 2024-02-18 L3 Experimental document command parser
)
Package: fontspec 2024/02/13 v2.9a Font selection for XeLaTeX and LuaLaTeX
Lua module: fontspec 2024/02/13 2.9a Font selection for XeLaTeX and LuaLaTeX
(/nix/store/vxkzh9wc3f38n6yj9ryf76wk5wf9rak0-texlive-2023-env-texmfdist/tex/lat
ex/fontspec/fontspec-luatex.sty
Package: fontspec-luatex 2024/02/13 v2.9a Font selection for XeLaTeX and LuaLaT
eX
\l__fontspec_script_int=\count338
\l__fontspec_language_int=\count339
\l__fontspec_strnum_int=\count340
\l__fontspec_tmp_int=\count341
\l__fontspec_tmpa_int=\count342
\l__fontspec_tmpb_int=\count343
\l__fontspec_tmpc_int=\count344
\l__fontspec_em_int=\count345
\l__fontspec_emdef_int=\count346
\l__fontspec_strong_int=\count347
\l__fontspec_strongdef_int=\count348
\l__fontspec_tmpa_dim=\dimen325
\l__fontspec_tmpb_dim=\dimen326
\l__fontspec_tmpc_dim=\dimen327

(/nix/store/vxkzh9wc3f38n6yj9ryf76wk5wf9rak0-texlive-2023-env-texmfdist/tex/lat
ex/base/fontenc.sty
Package: fontenc 2021/04/29 v2.0v Standard LaTeX package
)
(/nix/store/vxkzh9wc3f38n6yj9ryf76wk5wf9rak0-texlive-2023-env-texmfdist/tex/lat
ex/fontspec/fontspec.cfg)))
(/nix/store/vxkzh9wc3f38n6yj9ryf76wk5wf9rak0-texlive-2023-env-texmfdist/tex/lat
ex/hyperref/hyperref.sty
Package: hyperref 2024-01-20 v7.01h Hypertext links for LaTeX

(/nix/store/vxkzh9wc3f38n6yj9ryf76wk5wf9rak0-texlive-2023-env-texmfdist/tex/lat
ex/kvsetkeys/kvsetkeys.sty
Package: kvsetkeys 2022-10-05 v1.19 Key value parser (HO)
)
(/nix/store/vxkzh9wc3f38n6yj9ryf76wk5wf9rak0-texlive-2023-env-texmfdist/tex/gen
eric/kvdefinekeys/kvdefinekeys.sty
Package: kvdefinekeys 2019-12-19 v1.6 Define keys (HO)
)
(/nix/store/vxkzh9wc3f38n6yj9ryf76wk5wf9rak0-texlive-2023-env-texmfdist/tex/gen
eric/pdfescape/pdfescape.sty
Package: pdfescape 2019/12/09 v1.15 Implements pdfTeX's escape features (HO)

(/nix/store/vxkzh9wc3f38n6yj9ryf76wk5wf9rak0-texlive-2023-env-texmfdist/tex/gen
eric/ltxcmds/ltxcmds.sty
Package: ltxcmds 2023-12-04 v1.26 LaTeX kernel commands for general use (HO)
)
(/nix/store/vxkzh9wc3f38n6yj9ryf76wk5wf9rak0-texlive-2023-env-texmfdist/tex/gen
eric/pdftexcmds/pdftexcmds.sty
Package: pdftexcmds 2020-06-27 v0.33 Utility functions of pdfTeX for LuaTeX (HO
)

(/nix/store/vxkzh9wc3f38n6yj9ryf76wk5wf9rak0-texlive-2023-env-texmfdist/tex/gen
eric/infwarerr/infwarerr.sty
Package: infwarerr 2019/12/03 v1.5 Providing info/warning/error messages (HO)
)
Package pdftexcmds Info: \pdf@primitive is available.
Package pdftexcmds Info: \pdf@ifprimitive is available.
Package pdftexcmds Info: \pdfdraftmode found.
\pdftexcmds@toks=\toks47
))
(/nix/store/vxkzh9wc3f38n6yj9ryf76wk5wf9rak0-texlive-2023-env-texmfdist/tex/lat
ex/hycolor/hycolor.sty
Package: hycolor 2020-01-27 v1.10 Color options for hyperref/bookmark (HO)
)
(/nix/store/vxkzh9wc3f38n6yj9ryf76wk5wf9rak0-texlive-2023-env-texmfdist/tex/lat
ex/auxhook/auxhook.sty
Package: auxhook 2019-12-17 v1.6 Hooks for auxiliary files (HO)
)
(/nix/store/vxkzh9wc3f38n6yj9ryf76wk5wf9rak0-texlive-2023-env-texmfdist/tex/lat
ex/hyperref/nameref.sty
Package: nameref 2023-11-26 v2.56 Cross-referencing by name of section

(/nix/store/vxkzh9wc3f38n6yj9ryf76wk5wf9rak0-texlive-2023-env-texmfdist/tex/lat
ex/refcount/refcount.sty
Package: refcount 2019/12/15 v3.6 Data extraction from label references (HO)
)
(/nix/store/vxkzh9wc3f38n6yj9ryf76wk5wf9rak0-texlive-2023-env-texmfdist/tex/gen
eric/gettitlestring/gettitlestring.sty
Package: gettitlestring 2019/12/15 v1.6 Cleanup title references (HO)

(/nix/store/vxkzh9wc3f38n6yj9ryf76wk5wf9rak0-texlive-2023-env-texmfdist/tex/lat
ex/kvoptions/kvoptions.sty
Package: kvoptions 2022-06-15 v3.15 Key value format for package options (HO)
))
\c@section@level=\count349
)
(/nix/store/vxkzh9wc3f38n6yj9ryf76wk5wf9rak0-texlive-2023-env-texmfdist/tex/lat
ex/etoolbox/etoolbox.sty
Package: etoolbox 2020/10/05 v2.5k e-TeX tools for LaTeX (JAW)
\etb@tempcnta=\count350
)
\@linkdim=\dimen328
\Hy@linkcounter=\count351
\Hy@pagecounter=\count352

(/nix/store/vxkzh9wc3f38n6yj9ryf76wk5wf9rak0-texlive-2023-env-texmfdist/tex/lat
ex/hyperref/pd1enc.def
File: pd1enc.def 2024-01-20 v7.01h Hyperref: PDFDocEncoding definition (HO)
)
(/nix/store/vxkzh9wc3f38n6yj9ryf76wk5wf9rak0-texlive-2023-env-texmfdist/tex/gen
eric/intcalc/intcalc.sty
Package: intcalc 2019/12/15 v1.3 Expandable calculations with integers (HO)
)
\Hy@SavedSpaceFactor=\count353

(/nix/store/vxkzh9wc3f38n6yj9ryf76wk5wf9rak0-texlive-2023-env-texmfdist/tex/lat
ex/hyperref/puenc.def
File: puenc.def 2024-01-20 v7.01h Hyperref: PDF Unicode definition (HO)
)
Package hyperref Info: Hyper figures OFF on input line 4179.
Package hyperref Info: Link nesting OFF on input line 4184.
Package hyperref Info: Hyper index ON on input line 4187.
Package hyperref Info: Plain pages OFF on input line 4194.
Package hyperref Info: Backreferencing OFF on input line 4199.
Package hyperref Info: Implicit mode ON; LaTeX internals redefined.
Package hyperref Info: Bookmarks ON on input line 4446.
\c@Hy@tempcnt=\count354
LaTeX Info: Redefining \url on input line 4784.
\XeTeXLinkMargin=\dimen329

(/nix/store/vxkzh9wc3f38n6yj9ryf76wk5wf9rak0-texlive-2023-env-texmfdist/tex/gen
eric/bitset/bitset.sty
Package: bitset 2019/12/09 v1.3 Handle bit-vector datatype (HO)

(/nix/store/vxkzh9wc3f38n6yj9ryf76wk5wf9rak0-texlive-2023-env-texmfdist/tex/gen
eric/bigintcalc/bigintcalc.sty
Package: bigintcalc 2019/12/15 v1.5 Expandable calculations on big integers (HO
)
))
\Fld@menulength=\count355
\Field@Width=\dimen330
\Fld@charsize=\dimen331
Package hyperref Info: Hyper figures OFF on input line 6063.
Package hyperref Info: Link nesting OFF on input line 6068.
Package hyperref Info: Hyper index ON on input line 6071.
Package hyperref Info: backreferencing OFF on input line 6078.
Package hyperref Info: Link coloring OFF on input line 6083.
Package hyperref Info: Link coloring with OCG OFF on input line 6088.
Package hyperref Info: PDF/A mode OFF on input line 6093.

(/nix/store/vxkzh9wc3f38n6yj9ryf76wk5wf9rak0-texlive-2023-env-texmfdist/tex/lat
ex/base/atbegshi-ltx.sty
Package: atbegshi-ltx 2021/01/10 v1.0c Emulation of the original atbegshi
package with kernel methods
)
\Hy@abspage=\count356
\c@Item=\count357
\c@Hfootnote=\count358
)
Package hyperref Info: Driver (autodetected): hluatex.

(/nix/store/vxkzh9wc3f38n6yj9ryf76wk5wf9rak0-texlive-2023-env-texmfdist/tex/lat
ex/hyperref/hluatex.def
File: hluatex.def 2024-01-20 v7.01h Hyperref driver for luaTeX

(/nix/store/vxkzh9wc3f38n6yj9ryf76wk5wf9rak0-texlive-2023-env-texmfdist/tex/gen
eric/stringenc/stringenc.sty
Package: stringenc 2019/11/29 v1.12 Convert strings between diff. encodings (HO
)
)
(/nix/store/vxkzh9wc3f38n6yj9ryf76wk5wf9rak0-texlive-2023-env-texmfdist/tex/lat
ex/base/atveryend-ltx.sty
Package: atveryend-ltx 2020/08/19 v1.0a Emulation of the original atveryend pac
kage
with kernel methods
)
\Fld@listcount=\count359
\c@bookmark@seq@number=\count360

(/nix/store/vxkzh9wc3f38n6yj9ryf76wk5wf9rak0-texlive-2023-env-texmfdist/tex/lat
ex/rerunfilecheck/rerunfilecheck.sty
Package: rerunfilecheck 2022-07-10 v1.10 Rerun checks for auxiliary files (HO)

(/nix/store/vxkzh9wc3f38n6yj9ryf76wk5wf9rak0-texlive-2023-env-texmfdist/tex/gen
eric/uniquecounter/uniquecounter.sty
Package: uniquecounter 2019/12/15 v1.4 Provide unlimited unique counter (HO)
)
Package uniquecounter Info: New unique counter `rerunfilecheck' on input line 2
85.
)
\Hy@SectionHShift=\skip87
)
(/nix/store/vxkzh9wc3f38n6yj9ryf76wk5wf9rak0-texlive-2023-env-texmfdist/tex/lat
ex/pgfplots/pgfplots.sty
(/nix/store/vxkzh9wc3f38n6yj9ryf76wk5wf9rak0-texlive-2023-env-texmfdist/tex/gen
eric/pgfplots/pgfplots.revision.tex)
Package: pgfplots 2021/05/15 v1.18.1 Data Visualization (1.18.1)

(/nix/store/vxkzh9wc3f38n6yj9ryf76wk5wf9rak0-texlive-2023-env-texmfdist/tex/gen
eric/pgfplots/pgfplots.code.tex
(/nix/store/vxkzh9wc3f38n6yj9ryf76wk5wf9rak0-texlive-2023-env-texmfdist/tex/gen
eric/pgfplots/pgfplotscore.code.tex
Package pgfplots info on input line 124: Initializing with LUA version Lua 5.3
\pgfplots@luabackend@table=\catcodetable16
\t@pgfplots@toka=\toks48
\t@pgfplots@tokb=\toks49
\t@pgfplots@tokc=\toks50
\pgfplots@tmpa=\dimen332
\c@pgfplots@coordindex=\count361
\c@pgfplots@scanlineindex=\count362

(/nix/store/vxkzh9wc3f38n6yj9ryf76wk5wf9rak0-texlive-2023-env-texmfdist/tex/gen
eric/pgfplots/sys/pgfplotssysgeneric.code.tex))
(/nix/store/vxkzh9wc3f38n6yj9ryf76wk5wf9rak0-texlive-2023-env-texmfdist/tex/gen
eric/pgfplots/libs/pgfplotslibrary.code.tex)
(/nix/store/vxkzh9wc3f38n6yj9ryf76wk5wf9rak0-texlive-2023-env-texmfdist/tex/gen
eric/pgfplots/oldpgfcompatib/pgfplotsoldpgfsupp_loader.code.tex
(/nix/store/vxkzh9wc3f38n6yj9ryf76wk5wf9rak0-texlive-2023-env-texmfdist/tex/gen
eric/pgf/libraries/pgflibraryfpu.code.tex)
Package pgfplots: loading complementary utilities for your pgf version...
\t@pgf@toka=\toks51
\t@pgf@tokb=\toks52
\t@pgf@tokc=\toks53

(/nix/store/vxkzh9wc3f38n6yj9ryf76wk5wf9rak0-texlive-2023-env-texmfdist/tex/gen
eric/pgfplots/oldpgfcompatib/pgfplotsoldpgfsupp_pgfutil-common-lists.tex)
(/nix/store/vxkzh9wc3f38n6yj9ryf76wk5wf9rak0-texlive-2023-env-texmfdist/tex/gen
eric/pgf/libraries/luamath/pgflibraryluamath.code.tex)
Package pgfplots info on input line 290: luamath library shipped with pgf 3.1.1
0 is up-to-date
)
(/nix/store/vxkzh9wc3f38n6yj9ryf76wk5wf9rak0-texlive-2023-env-texmfdist/tex/gen
eric/pgfplots/util/pgfplotsutil.code.tex
Package pgfplots info on input line 82: Found new luatex: initializing lua comm
ands instead of write18 (shell-escape)

(/nix/store/vxkzh9wc3f38n6yj9ryf76wk5wf9rak0-texlive-2023-env-texmfdist/tex/gen
eric/pgfplots/liststructure/pgfplotsliststructure.code.tex)
(/nix/store/vxkzh9wc3f38n6yj9ryf76wk5wf9rak0-texlive-2023-env-texmfdist/tex/gen
eric/pgfplots/liststructure/pgfplotsliststructureext.code.tex)
(/nix/store/vxkzh9wc3f38n6yj9ryf76wk5wf9rak0-texlive-2023-env-texmfdist/tex/gen
eric/pgfplots/liststructure/pgfplotsarray.code.tex
\c@pgfplotsarray@tmp=\count363
)
(/nix/store/vxkzh9wc3f38n6yj9ryf76wk5wf9rak0-texlive-2023-env-texmfdist/tex/gen
eric/pgfplots/liststructure/pgfplotsmatrix.code.tex)
(/nix/store/vxkzh9wc3f38n6yj9ryf76wk5wf9rak0-texlive-2023-env-texmfdist/tex/gen
eric/pgfplots/numtable/pgfplotstableshared.code.tex
\c@pgfplotstable@counta=\count364
\t@pgfplotstable@a=\toks54
)
(/nix/store/vxkzh9wc3f38n6yj9ryf76wk5wf9rak0-texlive-2023-env-texmfdist/tex/gen
eric/pgfplots/liststructure/pgfplotsdeque.code.tex)
(/nix/store/vxkzh9wc3f38n6yj9ryf76wk5wf9rak0-texlive-2023-env-texmfdist/tex/gen
eric/pgfplots/util/pgfplotsbinary.code.tex
(/nix/store/vxkzh9wc3f38n6yj9ryf76wk5wf9rak0-texlive-2023-env-texmfdist/tex/gen
eric/pgfplots/util/pgfplotsbinary.data.code.tex))
(/nix/store/vxkzh9wc3f38n6yj9ryf76wk5wf9rak0-texlive-2023-env-texmfdist/tex/gen
eric/pgfplots/util/pgfplotsutil.verb.code.tex)
(/nix/store/vxkzh9wc3f38n6yj9ryf76wk5wf9rak0-texlive-2023-env-texmfdist/tex/gen
eric/pgfplots/libs/pgflibrarypgfplots.surfshading.code.tex
\c@pgfplotslibrarysurf@no=\count365

(/nix/store/vxkzh9wc3f38n6yj9ryf76wk5wf9rak0-texlive-2023-env-texmfdist/tex/gen
eric/pgfplots/sys/pgflibrarypgfplots.surfshading.pgfsys-luatex.def)))
(/nix/store/vxkzh9wc3f38n6yj9ryf76wk5wf9rak0-texlive-2023-env-texmfdist/tex/gen
eric/pgfplots/util/pgfplotscolormap.code.tex
(/nix/store/vxkzh9wc3f38n6yj9ryf76wk5wf9rak0-texlive-2023-env-texmfdist/tex/gen
eric/pgfplots/util/pgfplotscolor.code.tex))
(/nix/store/vxkzh9wc3f38n6yj9ryf76wk5wf9rak0-texlive-2023-env-texmfdist/tex/gen
eric/pgfplots/pgfplotsstackedplots.code.tex)
(/nix/store/vxkzh9wc3f38n6yj9ryf76wk5wf9rak0-texlive-2023-env-texmfdist/tex/gen
eric/pgfplots/pgfplotsplothandlers.code.tex
(/nix/store/vxkzh9wc3f38n6yj9ryf76wk5wf9rak0-texlive-2023-env-texmfdist/tex/gen
eric/pgfplots/pgfplotsmeshplothandler.code.tex
(/nix/store/vxkzh9wc3f38n6yj9ryf76wk5wf9rak0-texlive-2023-env-texmfdist/tex/gen
eric/pgfplots/pgfplotsmeshplotimage.code.tex)))
(/nix/store/vxkzh9wc3f38n6yj9ryf76wk5wf9rak0-texlive-2023-env-texmfdist/tex/gen
eric/pgfplots/pgfplots.scaling.code.tex)
(/nix/store/vxkzh9wc3f38n6yj9ryf76wk5wf9rak0-texlive-2023-env-texmfdist/tex/gen
eric/pgfplots/pgfplotscoordprocessing.code.tex)
(/nix/store/vxkzh9wc3f38n6yj9ryf76wk5wf9rak0-texlive-2023-env-texmfdist/tex/gen
eric/pgfplots/pgfplots.errorbars.code.tex)
(/nix/store/vxkzh9wc3f38n6yj9ryf76wk5wf9rak0-texlive-2023-env-texmfdist/tex/gen
eric/pgfplots/pgfplots.markers.code.tex)
(/nix/store/vxkzh9wc3f38n6yj9ryf76wk5wf9rak0-texlive-2023-env-texmfdist/tex/gen
eric/pgfplots/pgfplotsticks.code.tex)
(/nix/store/vxkzh9wc3f38n6yj9ryf76wk5wf9rak0-texlive-2023-env-texmfdist/tex/gen
eric/pgfplots/pgfplots.paths.code.tex)
(/nix/store/vxkzh9wc3f38n6yj9ryf76wk5wf9rak0-texlive-2023-env-texmfdist/tex/gen
eric/pgf/frontendlayer/tikz/libraries/tikzlibrarydecorations.code.tex
(/nix/store/vxkzh9wc3f38n6yj9ryf76wk5wf9rak0-texlive-2023-env-texmfdist/tex/gen
eric/pgf/modules/pgfmoduledecorations.code.tex
\pgfdecoratedcompleteddistance=\dimen333
\pgfdecoratedremainingdistance=\dimen334
\pgfdecoratedinputsegmentcompleteddistance=\dimen335
\pgfdecoratedinputsegmentremainingdistance=\dimen336
\pgf@decorate@distancetomove=\dimen337
\pgf@decorate@repeatstate=\count366
\pgfdecorationsegmentamplitude=\dimen338
\pgfdecorationsegmentlength=\dimen339
)
\tikz@lib@dec@box=\box80
)
(/nix/store/vxkzh9wc3f38n6yj9ryf76wk5wf9rak0-texlive-2023-env-texmfdist/tex/gen
eric/pgf/frontendlayer/tikz/libraries/tikzlibrarydecorations.pathmorphing.code.
tex
(/nix/store/vxkzh9wc3f38n6yj9ryf76wk5wf9rak0-texlive-2023-env-texmfdist/tex/gen
eric/pgf/libraries/decorations/pgflibrarydecorations.pathmorphing.code.tex))
(/nix/store/vxkzh9wc3f38n6yj9ryf76wk5wf9rak0-texlive-2023-env-texmfdist/tex/gen
eric/pgf/frontendlayer/tikz/libraries/tikzlibrarydecorations.pathreplacing.code
.tex
(/nix/store/vxkzh9wc3f38n6yj9ryf76wk5wf9rak0-texlive-2023-env-texmfdist/tex/gen
eric/pgf/libraries/decorations/pgflibrarydecorations.pathreplacing.code.tex))
(/nix/store/vxkzh9wc3f38n6yj9ryf76wk5wf9rak0-texlive-2023-env-texmfdist/tex/gen
eric/pgfplots/libs/tikzlibrarypgfplots.contourlua.code.tex)
\pgfplots@numplots=\count367
\pgfplots@xmin@reg=\dimen340
\pgfplots@xmax@reg=\dimen341
\pgfplots@ymin@reg=\dimen342
\pgfplots@ymax@reg=\dimen343
\pgfplots@zmin@reg=\dimen344
\pgfplots@zmax@reg=\dimen345
)
(/nix/store/vxkzh9wc3f38n6yj9ryf76wk5wf9rak0-texlive-2023-env-texmfdist/tex/gen
eric/pgf/frontendlayer/tikz/libraries/tikzlibraryplotmarks.code.tex
File: tikzlibraryplotmarks.code.tex 2023-01-15 v3.1.10 (3.1.10)

(/nix/store/vxkzh9wc3f38n6yj9ryf76wk5wf9rak0-texlive-2023-env-texmfdist/tex/gen
eric/pgf/libraries/pgflibraryplotmarks.code.tex
File: pgflibraryplotmarks.code.tex 2023-01-15 v3.1.10 (3.1.10)
)))
\@float@every@table=\toks55
luaotfload | cache : Lookup cache loaded from /home/iagorrr/.texlive2023/texmf-v
ar/luatex-cache/generic/names/luaotfload-lookup-cache.luc.
luaotfload | aux : font no 24 (nil) does not define feature smcp for script latn
 with language dflt
luaotfload | aux : font no 25 (nil) does not define feature smcp for script latn
 with language dflt
luaotfload | aux : font no 26 (nil) does not define feature smcp for script latn
 with language dflt
luaotfload | aux : font no 27 (nil) does not define feature smcp for script latn
 with language dflt

Package fontspec Info: Font family 'DejaVuSans(0)' created for font 'DejaVu
(fontspec)             Sans' with options [Ligatures=TeX].
(fontspec)              
(fontspec)              This font family consists of the following NFSS
(fontspec)             series/shapes:
(fontspec)              
(fontspec)             - 'normal' (m/n) with NFSS spec.:
(fontspec)             <->"name:DejaVuSans:mode=node;script=latn;language=dflt;
+tlig;"
(fontspec)             - 'small caps'  (m/sc) with NFSS spec.: 
(fontspec)             - 'bold' (b/n) with NFSS spec.:
(fontspec)             <->"name:DejaVuSans/B:mode=node;script=latn;language=dfl
t;+tlig;"
(fontspec)             - 'bold small caps'  (b/sc) with NFSS spec.: 
(fontspec)             - 'italic' (m/it) with NFSS spec.:
(fontspec)             <->"name:DejaVuSans/I:mode=node;script=latn;language=dfl
t;+tlig;"
(fontspec)             - 'italic small caps'  (m/scit) with NFSS spec.: 
(fontspec)             - 'bold italic' (b/it) with NFSS spec.:
(fontspec)             <->"name:DejaVuSans/BI:mode=node;script=latn;language=df
lt;+tlig;"
(fontspec)             - 'bold italic small caps'  (b/scit) with NFSS spec.: 

) (./theoretical.aux)
\openout1 = theoretical.aux

LaTeX Font Info:    Checking defaults for OML/cmm/m/it on input line 3.
LaTeX Font Info:    ... okay on input line 3.
LaTeX Font Info:    Checking defaults for OMS/cmsy/m/n on input line 3.
LaTeX Font Info:    ... okay on input line 3.
LaTeX Font Info:    Checking defaults for OT1/cmr/m/n on input line 3.
LaTeX Font Info:    ... okay on input line 3.
LaTeX Font Info:    Checking defaults for T1/cmr/m/n on input line 3.
LaTeX Font Info:    ... okay on input line 3.
LaTeX Font Info:    Checking defaults for TS1/cmr/m/n on input line 3.
LaTeX Font Info:    Trying to load font information for TS1+cmr on input line 3
.

(/nix/store/vxkzh9wc3f38n6yj9ryf76wk5wf9rak0-texlive-2023-env-texmfdist/tex/lat
ex/base/ts1cmr.fd
File: ts1cmr.fd 2023/04/13 v2.5m Standard LaTeX font definitions
)
LaTeX Font Info:    ... okay on input line 3.
LaTeX Font Info:    Checking defaults for TU/lmr/m/n on input line 3.
LaTeX Font Info:    ... okay on input line 3.
LaTeX Font Info:    Checking defaults for OMX/cmex/m/n on input line 3.
LaTeX Font Info:    ... okay on input line 3.
LaTeX Font Info:    Checking defaults for U/cmr/m/n on input line 3.
LaTeX Font Info:    ... okay on input line 3.
LaTeX Font Info:    Checking defaults for PD1/pdf/m/n on input line 3.
LaTeX Font Info:    ... okay on input line 3.
LaTeX Font Info:    Checking defaults for PU/pdf/m/n on input line 3.
LaTeX Font Info:    ... okay on input line 3.

(/nix/store/vxkzh9wc3f38n6yj9ryf76wk5wf9rak0-texlive-2023-env-texmfdist/tex/con
text/base/mkii/supp-pdf.mkii
[Loading MPS to PDF converter (version 2006.09.02).]
\scratchcounter=\count368
\scratchdimen=\dimen346
\scratchbox=\box81
\nofMPsegments=\count369
\nofMParguments=\count370
\everyMPshowfont=\toks56
\MPscratchCnt=\count371
\MPscratchDim=\dimen347
\MPnumerator=\count372
\makeMPintoPDFobject=\count373
\everyMPtoPDFconversion=\toks57
)
(/nix/store/vxkzh9wc3f38n6yj9ryf76wk5wf9rak0-texlive-2023-env-texmfdist/tex/lat
ex/epstopdf-pkg/epstopdf-base.sty
Package: epstopdf-base 2020-01-24 v2.11 Base part for package epstopdf
Package epstopdf-base Info: Redefining graphics rule for `.eps' on input line 4
85.

(/nix/store/vxkzh9wc3f38n6yj9ryf76wk5wf9rak0-texlive-2023-env-texmfdist/tex/lat
ex/latexconfig/epstopdf-sys.cfg
File: epstopdf-sys.cfg 2010/07/13 v1.3 Configuration of (r)epstopdf for TeX Liv
e
))
*geometry* driver: auto-detecting
*geometry* detected driver: luatex
*geometry* verbose mode - [ preamble ] result:
* driver: luatex
* paper: a5paper
* layout: <same size as paper>
* layoutoffset:(h,v)=(0.0pt,0.0pt)
* modes: 
* h-part:(L,W,R)=(57.81621pt, 305.46837pt, 57.81621pt)
* v-part:(T,H,B)=(57.81621pt, 481.87546pt, 57.81621pt)
* \paperwidth=421.10078pt
* \paperheight=597.50787pt
* \textwidth=305.46837pt
* \textheight=481.87546pt
* \oddsidemargin=-14.45378pt
* \evensidemargin=-14.45378pt
* \topmargin=-51.45378pt
* \headheight=12.0pt
* \headsep=25.0pt
* \topskip=10.0pt
* \footskip=30.0pt
* \marginparwidth=65.0pt
* \marginparsep=11.0pt
* \columnsep=30.0pt
* \skip\footins=9.0pt plus 4.0pt minus 2.0pt
* \hoffset=0.0pt
* \voffset=0.0pt
* \mag=1000
* \@twocolumnfalse
* \@twosidefalse
* \@mparswitchfalse
* \@reversemarginfalse
* (1in=72.27pt=25.4mm, 1cm=28.453pt)

Package caption Info: Begin \AtBeginDocument code.
Package caption Info: hyperref package is loaded.
Package caption Info: End \AtBeginDocument code.

Package fontspec Info: Adjusting the maths setup (use [no-math] to avoid
(fontspec)             this).

\symlegacymaths=\mathgroup6
LaTeX Font Info:    Overwriting symbol font `legacymaths' in version `bold'
(Font)                  OT1/cmr/m/n --> OT1/cmr/bx/n on input line 3.
LaTeX Font Info:    Redeclaring math accent \acute on input line 3.
LaTeX Font Info:    Redeclaring math accent \grave on input line 3.
LaTeX Font Info:    Redeclaring math accent \ddot on input line 3.
LaTeX Font Info:    Redeclaring math accent \tilde on input line 3.
LaTeX Font Info:    Redeclaring math accent \bar on input line 3.
LaTeX Font Info:    Redeclaring math accent \breve on input line 3.
LaTeX Font Info:    Redeclaring math accent \check on input line 3.
LaTeX Font Info:    Redeclaring math accent \hat on input line 3.
LaTeX Font Info:    Redeclaring math accent \dot on input line 3.
LaTeX Font Info:    Redeclaring math accent \mathring on input line 3.
LaTeX Font Info:    Redeclaring math symbol \Gamma on input line 3.
LaTeX Font Info:    Redeclaring math symbol \Delta on input line 3.
LaTeX Font Info:    Redeclaring math symbol \Theta on input line 3.
LaTeX Font Info:    Redeclaring math symbol \Lambda on input line 3.
LaTeX Font Info:    Redeclaring math symbol \Xi on input line 3.
LaTeX Font Info:    Redeclaring math symbol \Pi on input line 3.
LaTeX Font Info:    Redeclaring math symbol \Sigma on input line 3.
LaTeX Font Info:    Redeclaring math symbol \Upsilon on input line 3.
LaTeX Font Info:    Redeclaring math symbol \Phi on input line 3.
LaTeX Font Info:    Redeclaring math symbol \Psi on input line 3.
LaTeX Font Info:    Redeclaring math symbol \Omega on input line 3.
LaTeX Font Info:    Redeclaring math symbol \mathdollar on input line 3.
LaTeX Font Info:    Redeclaring symbol font `operators' on input line 3.
LaTeX Font Info:    Encoding `OT1' has changed to `TU' for symbol font
(Font)              `operators' in the math version `normal' on input line 3.
LaTeX Font Info:    Overwriting symbol font `operators' in version `normal'
(Font)                  OT1/cmr/m/n --> TU/DejaVuSans(0)/m/n on input line 3.
LaTeX Font Info:    Encoding `OT1' has changed to `TU' for symbol font
(Font)              `operators' in the math version `bold' on input line 3.
LaTeX Font Info:    Overwriting symbol font `operators' in version `bold'
(Font)                  OT1/cmr/bx/n --> TU/DejaVuSans(0)/m/n on input line 3.
LaTeX Font Info:    Overwriting symbol font `operators' in version `normal'
(Font)                  TU/DejaVuSans(0)/m/n --> TU/DejaVuSans(0)/m/n on input 
line 3.
LaTeX Font Info:    Overwriting math alphabet `\mathit' in version `normal'
(Font)                  OT1/cmr/m/it --> TU/DejaVuSans(0)/m/it on input line 3.

LaTeX Font Info:    Overwriting math alphabet `\mathbf' in version `normal'
(Font)                  OT1/cmr/bx/n --> TU/DejaVuSans(0)/b/n on input line 3.
LaTeX Font Info:    Overwriting math alphabet `\mathsf' in version `normal'
(Font)                  OT1/cmss/m/n --> TU/lmss/m/n on input line 3.
LaTeX Font Info:    Overwriting math alphabet `\mathtt' in version `normal'
(Font)                  OT1/cmtt/m/n --> TU/lmtt/m/n on input line 3.
LaTeX Font Info:    Overwriting symbol font `operators' in version `bold'
(Font)                  TU/DejaVuSans(0)/m/n --> TU/DejaVuSans(0)/b/n on input 
line 3.
LaTeX Font Info:    Overwriting math alphabet `\mathit' in version `bold'
(Font)                  OT1/cmr/bx/it --> TU/DejaVuSans(0)/b/it on input line 3
.
LaTeX Font Info:    Overwriting math alphabet `\mathsf' in version `bold'
(Font)                  OT1/cmss/bx/n --> TU/lmss/b/n on input line 3.
LaTeX Font Info:    Overwriting math alphabet `\mathtt' in version `bold'
(Font)                  OT1/cmtt/m/n --> TU/lmtt/b/n on input line 3.
Package hyperref Info: Link coloring OFF on input line 3.
(./theoretical.out) (./theoretical.out)
\@outlinefile=\write4

\openout4 = theoretical.out

Package pgfplots notification 'compat/show suggested version=true': document ha
s been generated with the most recent feature set (\pgfplotsset{compat=1.18}).

(./theoretical.toc
LaTeX Font Info:    Trying to load font information for U+msa on input line 4.

(/nix/store/vxkzh9wc3f38n6yj9ryf76wk5wf9rak0-texlive-2023-env-texmfdist/tex/lat
ex/amsfonts/umsa.fd
File: umsa.fd 2013/01/14 v3.01 AMS symbols A
)
LaTeX Font Info:    Trying to load font information for U+msb on input line 4.

(/nix/store/vxkzh9wc3f38n6yj9ryf76wk5wf9rak0-texlive-2023-env-texmfdist/tex/lat
ex/amsfonts/umsb.fd
File: umsb.fd 2013/01/14 v3.01 AMS symbols B
)
LaTeX Font Info:    Font shape `TU/DejaVuSans(0)/m/sl' in size <10> not availab
le
(Font)              Font shape `TU/DejaVuSans(0)/m/it' tried instead on input l
ine 38.
 [1{/nix/store/hhr2v8xhx559bv72v5lqpb5qyy0hyyd9-texlive-2023-env/share/texmf-var
/fonts/map/pdftex/updmap/pdftex.map}

] [2])
\tf@toc=\write5

\openout5 = theoretical.toc

(./content/identities.tex [3]) (./content/linear_algebra/main.tex
(./content/linear_algebra/matrix_multiplication.tex))
(./content/number_theory.tex [4]) (./content/geometry/main.tex
(./content/geometry/line.tex [5] [6]) (./content/geometry/polygons.tex
<media/Convex-Polygon.jpg, id=558, 602.25pt x 454.69875pt>
File: media/Convex-Polygon.jpg Graphic file (type jpg)
<use media/Convex-Polygon.jpg>
Package luatex.def Info: media/Convex-Polygon.jpg  used on input line 8.
(luatex.def)             Requested size: 76.36708pt x 57.6559pt.
<media/Concave-Polygon.jpg, id=559, 602.25pt x 421.575pt>
File: media/Concave-Polygon.jpg Graphic file (type jpg)
<use media/Concave-Polygon.jpg>
Package luatex.def Info: media/Concave-Polygon.jpg  used on input line 13.
(luatex.def)             Requested size: 76.36708pt x 53.4558pt.
 [7<./media/Convex-Polygon.jpg><./media/Concave-Polygon.jpg>])
(./content/geometry/trapezium.tex [8]) (./content/geometry/sphere.tex [9])
(./content/geometry/cube.tex [10]) (./content/geometry/parallelepiped.tex
[11]) (./content/geometry/cilinder.tex [12]) (./content/geometry/cone.tex)
(./content/geometry/truncated_cone.tex [13])) (./content/probability.tex)
(./content/polynomial.tex [14]) (./content/graphs.tex

Package hyperref Warning: Difference (2) between bookmark levels is greater 
(hyperref)                than one, level fixed on input line 3.

[15] [16] [17] [18]) (./content/trees.tex [19]) (./content/combinatorics.tex
Overfull \hbox (18.14015pt too wide) detected at line 9
\OT1/cmr/m/n/10 (\OML/cmm/m/it/10 a \OT1/cmr/m/n/10 + \OML/cmm/m/it/10 b\OT1/cm
r/m/n/10 )[] = []\OML/cmm/m/it/10 a[] \OT1/cmr/m/n/10 + []\OML/cmm/m/it/10 a[]b \OT1/cmr/m/n/10 + []\OML/cmm/m/it/10 a[]b[] \OT1/cmr/m/n/10 + [] + []\OML/cmm/m/it/10 a[]b[] \OT1/cmr/m/n/10 + [] + []\OML/cmm/m/it/10 b[]
 []

[20] [21]

Package hyperref Warning: Token not allowed in a PDF string (Unicode):
(hyperref)                removing `math shift' on input line 64.


Package hyperref Warning: Token not allowed in a PDF string (Unicode):
(hyperref)                removing `math shift' on input line 64.


Package hyperref Warning: Token not allowed in a PDF string (Unicode):
(hyperref)                removing `math shift' on input line 64.


Package hyperref Warning: Token not allowed in a PDF string (Unicode):
(hyperref)                removing `math shift' on input line 64.


Package hyperref Warning: Token not allowed in a PDF string (Unicode):
(hyperref)                removing `math shift' on input line 66.


Package hyperref Warning: Token not allowed in a PDF string (Unicode):
(hyperref)                removing `math shift' on input line 66.


Package hyperref Warning: Token not allowed in a PDF string (Unicode):
(hyperref)                removing `math shift' on input line 66.


Package hyperref Warning: Token not allowed in a PDF string (Unicode):
(hyperref)                removing `math shift' on input line 66.


Package hyperref Warning: Token not allowed in a PDF string (Unicode):
(hyperref)                removing `math shift' on input line 74.


Package hyperref Warning: Token not allowed in a PDF string (Unicode):
(hyperref)                removing `math shift' on input line 74.


Package hyperref Warning: Token not allowed in a PDF string (Unicode):
(hyperref)                removing `math shift' on input line 74.


Package hyperref Warning: Token not allowed in a PDF string (Unicode):
(hyperref)                removing `math shift' on input line 74.


Package hyperref Warning: Token not allowed in a PDF string (Unicode):
(hyperref)                removing `math shift' on input line 76.


Package hyperref Warning: Token not allowed in a PDF string (Unicode):
(hyperref)                removing `math shift' on input line 76.


Package hyperref Warning: Token not allowed in a PDF string (Unicode):
(hyperref)                removing `math shift' on input line 76.


Package hyperref Warning: Token not allowed in a PDF string (Unicode):
(hyperref)                removing `math shift' on input line 76.

) (./content/bitwise.tex) (./content/game_theory.tex [22] [23])
(./content/algebra.tex) (./content/others/main.tex
(./content/others/unimodal.tex [24]) (./content/others/other.tex [25] [26]))
[27] (./theoretical.aux)
 ***********
LaTeX2e <2023-11-01> patch level 1
L3 programming layer <2024-02-20>
 ***********
Package rerunfilecheck Info: File `theoretical.out' has not changed.
(rerunfilecheck)             Checksum: 3BDA876C40DC9CF3F80DAB19E04B60D6;14889.
)

Here is how much of LuaTeX's memory you used:
 39973 strings out of 476447
 125024,1977958 words of node,token memory allocated
 2799 words of node memory still in use:
   6 hlist, 2 vlist, 2 rule, 2 glue, 4 kern, 1 glyph, 739 attribute, 74 glue_spe
c, 371 attribute_list, 2 write, 1 pdf_action nodes
   avail lists: 2:2953,3:1199,4:211,5:641,6:163,7:4628,8:114,9:1067,10:19,11:266

 60781 multiletter control sequences out of 65536+600000
 57 fonts using 23166815 bytes
 92i,19n,92p,796b,2451s stack positions out of 10000i,1000n,20000p,200000b,200000s
</nix/store/iivr3nlmgwnpfd54c0l420xj0mqqg3vw-dejavu-fonts-2.37/share/fonts/truet
ype/DejaVuSans.ttf></nix/store/iivr3nlmgwnpfd54c0l420xj0mqqg3vw-dejavu-fonts-2.3
7/share/fonts/truetype/DejaVuSans-Bold.ttf></nix/store/iivr3nlmgwnpfd54c0l420xj0
mqqg3vw-dejavu-fonts-2.37/share/fonts/truetype/DejaVuSans-Oblique.ttf></nix/stor
e/vxkzh9wc3f38n6yj9ryf76wk5wf9rak0-texlive-2023-env-texmfdist/fonts/type1/public
/amsfonts/cm/cmex10.pfb></nix/store/vxkzh9wc3f38n6yj9ryf76wk5wf9rak0-texlive-202
3-env-texmfdist/fonts/type1/public/amsfonts/cm/cmmi10.pfb></nix/store/vxkzh9wc3f
38n6yj9ryf76wk5wf9rak0-texlive-2023-env-texmfdist/fonts/type1/public/amsfonts/cm
/cmmi5.pfb></nix/store/vxkzh9wc3f38n6yj9ryf76wk5wf9rak0-texlive-2023-env-texmfdi
st/fonts/type1/public/amsfonts/cm/cmmi7.pfb></nix/store/vxkzh9wc3f38n6yj9ryf76wk
5wf9rak0-texlive-2023-env-texmfdist/fonts/type1/public/amsfonts/cm/cmr10.pfb></n
ix/store/vxkzh9wc3f38n6yj9ryf76wk5wf9rak0-texlive-2023-env-texmfdist/fonts/type1
/public/amsfonts/cm/cmr5.pfb></nix/store/vxkzh9wc3f38n6yj9ryf76wk5wf9rak0-texliv
e-2023-env-texmfdist/fonts/type1/public/amsfonts/cm/cmr7.pfb></nix/store/vxkzh9w
c3f38n6yj9ryf76wk5wf9rak0-texlive-2023-env-texmfdist/fonts/type1/public/amsfonts
/cm/cmsy10.pfb></nix/store/vxkzh9wc3f38n6yj9ryf76wk5wf9rak0-texlive-2023-env-tex
mfdist/fonts/type1/public/amsfonts/cm/cmsy7.pfb></nix/store/vxkzh9wc3f38n6yj9ryf
76wk5wf9rak0-texlive-2023-env-texmfdist/fonts/type1/public/amsfonts/symbols/msbm
10.pfb>
Output written on theoretical.pdf (27 pages, 391756 bytes).

PDF statistics: 741 PDF objects out of 1000 (max. 8388607)
 684 compressed objects within 7 object streams
 166 named destinations out of 1000 (max. 131072)
 816 words of extra memory for PDF output out of 10000 (max. 100000000)

